[27935.204114] [BB][REG][0]0x0804 = 0x601E0100
[27935.204152] [BB][REG][0]0x0884 = 0x601E0100
[27935.204192] [BB][REG][0]0x0814 = 0x00000000
[27935.204232] [BB][REG][0]0x0818 = 0x13332333
[27935.204272] [BB][REG][0]0x0814 = 0x00010000
[27935.204312] [BB][REG][0]0x0820 = 0x20000000
[27935.204352] [BB][REG][0]0x08A0 = 0x20000000
[27935.204392] [BB][REG][0]0x1000 = 0x00000000
[27935.204432] [BB][REG][0]0x1004 = 0xCA014000
[27935.204473] [BB][REG][0]0x1008 = 0xC751D4F0
[27935.204512] [BB][REG][0]0x100C = 0x44511475
[27935.204552] [BB][REG][0]0x1010 = 0x00000000
[27935.204592] [BB][REG][0]0x1014 = 0x00000000
[27935.204632] [BB][REG][0]0x1018 = 0x00000000
[27935.204672] [BB][REG][0]0x101C = 0x00000001
[27935.204712] [BB][REG][0]0x1020 = 0x8C30C30C
[27935.204752] [BB][REG][0]0x1024 = 0x4C30C30C
[27935.204792] [BB][REG][0]0x1028 = 0x0C30C30C
[27935.204832] [BB][REG][0]0x102C = 0x0C30C30C
[27935.204873] [BB][REG][0]0x1030 = 0x0C30C30C
[27935.204912] [BB][REG][0]0x1034 = 0x0C30C30C
[27935.204952] [BB][REG][0]0x1038 = 0x28A28A28
[27935.204992] [BB][REG][0]0x103C = 0x28A28A28
[27935.205032] [BB][REG][0]0x1040 = 0x28A28A28
[27935.205072] [BB][REG][0]0x1044 = 0x28A28A28
[27935.205112] [BB][REG][0]0x1048 = 0x28A28A28
[27935.205152] [BB][REG][0]0x104C = 0x28A28A28
[27935.205192] [BB][REG][0]0x1050 = 0x06666666
[27935.205232] [BB][REG][0]0x1054 = 0x33333333
[27935.205272] [BB][REG][0]0x1058 = 0x33333333
[27935.205312] [BB][REG][0]0x105C = 0x33333333
[27935.205352] [BB][REG][0]0x1060 = 0x00000031
[27935.205392] [BB][REG][0]0x1064 = 0x5100600A
[27935.205432] [BB][REG][0]0x1068 = 0x18363113
[27935.205472] [BB][REG][0]0x106C = 0x1D976DDC
[27935.205512] [BB][REG][0]0x1070 = 0x1C072DD7
[27935.205552] [BB][REG][0]0x1074 = 0x1127CDF4
[27935.205592] [BB][REG][0]0x1078 = 0x1E37BDF1
[27935.205632] [BB][REG][0]0x107C = 0x1FB7F1D6
[27935.205672] [BB][REG][0]0x1080 = 0x1EA7DDF9
[27935.205712] [BB][REG][0]0x1084 = 0x1FE445DD
[27935.205752] [BB][REG][0]0x1088 = 0x1F97F1FE
[27935.205792] [BB][REG][0]0x108C = 0x1FF781ED
[27935.205832] [BB][REG][0]0x1090 = 0x1FA7F5FE
[27935.205872] [BB][REG][0]0x1094 = 0x1E07B913
[27935.205912] [BB][REG][0]0x1098 = 0x1FD7FDFF
[27935.205952] [BB][REG][0]0x109C = 0x1E17B9FA
[27935.205993] [BB][REG][0]0x10A0 = 0x19A66914
[27935.206032] [BB][REG][0]0x10A4 = 0x10F65598
[27935.206072] [BB][REG][0]0x10A8 = 0x14A5A111
[27935.206113] [BB][REG][0]0x10AC = 0x1D3765DB
[27935.206152] [BB][REG][0]0x10B0 = 0x17C685CA
[27935.206192] [BB][REG][0]0x10B4 = 0x1107C5F3
[27935.206232] [BB][REG][0]0x10B8 = 0x1B5785EB
[27935.206272] [BB][REG][0]0x10BC = 0x1F97ED8F
[27935.206313] [BB][REG][0]0x10C0 = 0x1BC7A5F3
[27935.206352] [BB][REG][0]0x10C4 = 0x1FE43595
[27935.206392] [BB][REG][0]0x10C8 = 0x1EB7D9FC
[27935.206432] [BB][REG][0]0x10CC = 0x1FE65DBE
[27935.206472] [BB][REG][0]0x10D0 = 0x1EC7D9FC
[27935.206512] [BB][REG][0]0x10D4 = 0x1976FCFF
[27935.206553] [BB][REG][0]0x10D8 = 0x1F77F5FF
[27935.206592] [BB][REG][0]0x10DC = 0x1976FDEC
[27935.206632] [BB][REG][0]0x10E0 = 0x198664EF
[27935.206672] [BB][REG][0]0x10E4 = 0x11062D93
[27935.206712] [BB][REG][0]0x10E8 = 0x10C4E910
[27935.206752] [BB][REG][0]0x10EC = 0x1CA759DB
[27935.206792] [BB][REG][0]0x10F0 = 0x1335A9B5
[27935.206832] [BB][REG][0]0x10F4 = 0x1097B9F3
[27935.206872] [BB][REG][0]0x10F8 = 0x17B72DE1
[27935.206912] [BB][REG][0]0x10FC = 0x1F67ED42
[27935.206970] [BB][REG][0]0x1100 = 0x18074DE9
[27935.207007] [BB][REG][0]0x1104 = 0x1FD40547
[27935.207041] [BB][REG][0]0x1108 = 0x1D57ADF9
[27935.207080] [BB][REG][0]0x110C = 0x1FE52182
[27935.207120] [BB][REG][0]0x1110 = 0x1D67B1F9
[27935.207163] [BB][REG][0]0x1114 = 0x14860CE1
[27935.207202] [BB][REG][0]0x1118 = 0x1EC7E9FE
[27935.207243] [BB][REG][0]0x111C = 0x14860DD6
[27935.210613] [BB][REG][0]0x1120 = 0x195664C7
[27935.214128] [BB][REG][0]0x1124 = 0x0005E58A
[27935.217683] [BB][REG][0]0x1128 = 0x00000000
[27935.221212] [BB][REG][0]0x112C = 0x00000000
[27935.221218] [BB][REG][0]0x1130 = 0x7A000000
[27935.221219] [BB][REG][0]0x1134 = 0x0F9F3D7A
[27935.221221] [BB][REG][0]0x1138 = 0x0040817C
[27935.221222] [BB][REG][0]0x113C = 0x00E10204
[27935.221224] [BB][REG][0]0x1140 = 0x227D94CD
[27935.221225] [BB][REG][0]0x1144 = 0x084238E3
[27935.221226] [BB][REG][0]0x1148 = 0x00000010
[27935.221228] [BB][REG][0]0x114C = 0x0011A200
[27935.221229] [BB][REG][0]0x1150 = 0x0060B002
[27935.221230] [BB][REG][0]0x1154 = 0x9A8249A8
[27935.221232] [BB][REG][0]0x1158 = 0x26A1469E
[27935.221233] [BB][REG][0]0x115C = 0x2099A824
[27935.221234] [BB][REG][0]0x1160 = 0x2359461C
[27935.221236] [BB][REG][0]0x1164 = 0x1631A675
[27935.221237] [BB][REG][0]0x1168 = 0x2C6B1D63
[27935.221238] [BB][REG][0]0x116C = 0x0000000E
[27935.221240] [BB][REG][0]0x1170 = 0x00000001
[27935.221241] [BB][REG][0]0x1174 = 0x00000001
[27935.221242] [BB][REG][0]0x1178 = 0x00000000
[27935.221244] [BB][REG][0]0x117C = 0x0000000C
[27935.221245] [BB][REG][0]0x1180 = 0x00000000
[27935.221246] [BB][REG][0]0x1184 = 0x00000000
[27935.221247] [BB][REG][0]0x1188 = 0x0418317C
[27935.221249] [BB][REG][0]0x118C = 0x00D6135C
[27935.221250] [BB][REG][0]0x1190 = 0x00000000
[27935.221251] [BB][REG][0]0x1194 = 0x00000000
[27935.221253] [BB][REG][0]0x1198 = 0x00000000
[27935.221254] [BB][REG][0]0x119C = 0x00000000
[27935.221255] [BB][REG][0]0x11A0 = 0x00000000
[27935.221257] [BB][REG][0]0x11A4 = 0x00000000
[27935.221258] [BB][REG][0]0x11A8 = 0x00000000
[27935.221259] [BB][REG][0]0x11AC = 0x00000000
[27935.221261] [BB][REG][0]0x11B0 = 0x00000000
[27935.221262] [BB][REG][0]0x11B4 = 0xB4026000
[27935.221263] [BB][REG][0]0x11B8 = 0x00000960
[27935.221265] [BB][REG][0]0x11BC = 0x02024008
[27935.221266] [BB][REG][0]0x11C0 = 0x00000000
[27935.221267] [BB][REG][0]0x11C4 = 0x00000000
[27935.221268] [BB][REG][0]0x11C8 = 0x22CE803C
[27935.221270] [BB][REG][0]0x11CC = 0x32000000
[27935.221271] [BB][REG][0]0x11D0 = 0xBD67D67D
[27935.221272] [BB][REG][0]0x11D4 = 0x02AAAF59
[27935.221274] [BB][REG][0]0x11D8 = 0x00000000
[27935.221275] [BB][REG][0]0x11DC = 0x00000000
[27935.221276] [BB][REG][0]0x11E0 = 0x00000004
[27935.221278] [BB][REG][0]0x11E4 = 0x00000001
[27935.221279] [BB][REG][0]0x11E8 = 0x61861800
[27935.221280] [BB][REG][0]0x11EC = 0x830C30C3
[27935.221282] [BB][REG][0]0x11F0 = 0xC30C30C3
[27935.221283] [BB][REG][0]0x11F4 = 0x830C30C3
[27935.221284] [BB][REG][0]0x11F8 = 0x051450C3
[27935.221286] [BB][REG][0]0x11FC = 0x05145145
[27935.221287] [BB][REG][0]0x1200 = 0x05145145
[27935.221288] [BB][REG][0]0x1204 = 0x05145145
[27935.221290] [BB][REG][0]0x1208 = 0x0F0C3145
[27935.221291] [BB][REG][0]0x120C = 0x030C30CF
[27935.221292] [BB][REG][0]0x1210 = 0x030C30C3
[27935.221294] [BB][REG][0]0x1214 = 0x030CF3C3
[27935.221295] [BB][REG][0]0x1218 = 0x030C30C3
[27935.221296] [BB][REG][0]0x121C = 0x0F3CF3C3
[27935.221298] [BB][REG][0]0x1220 = 0x0F3CF3CF
[27935.221299] [BB][REG][0]0x1224 = 0x0F3CF3CF
[27935.221300] [BB][REG][0]0x1228 = 0x0F3CF3CF
[27935.221301] [BB][REG][0]0x122C = 0x0F3CF3CF
[27935.221303] [BB][REG][0]0x1230 = 0x030C10C3
[27935.221304] [BB][REG][0]0x1234 = 0x051430C3
[27935.221305] [BB][REG][0]0x1238 = 0x051490CB
[27935.221307] [BB][REG][0]0x123C = 0x030CD151
[27935.221308] [BB][REG][0]0x1240 = 0x050C50C7
[27935.221309] [BB][REG][0]0x1244 = 0x051492CB
[27935.221311] [BB][REG][0]0x1248 = 0x05145145
[27935.221312] [BB][REG][0]0x124C = 0x05145145
[27935.221313] [BB][REG][0]0x1250 = 0x05145145
[27935.221315] [BB][REG][0]0x1254 = 0x05145145
[27935.221316] [BB][REG][0]0x1258 = 0x090CD3CF
[27935.221317] [BB][REG][0]0x125C = 0x071491C5
[27935.221319] [BB][REG][0]0x1260 = 0x073CF143
[27935.221320] [BB][REG][0]0x1264 = 0x071431C3
[27935.221321] [BB][REG][0]0x1268 = 0x0F3CF1C5
[27935.221323] [BB][REG][0]0x126C = 0x0F3CF3CF
[27935.221324] [BB][REG][0]0x1270 = 0x0F3CF3CF
[27935.221325] [BB][REG][0]0x1274 = 0x0F3CF3CF
[27935.221327] [BB][REG][0]0x1278 = 0x0F3CF3CF
[27935.221328] [BB][REG][0]0x127C = 0x090C91CF
[27935.221329] [BB][REG][0]0x1280 = 0x11243143
[27935.221331] [BB][REG][0]0x1284 = 0x9777A777
[27935.221332] [BB][REG][0]0x1288 = 0xBB7BAC95
[27935.221333] [BB][REG][0]0x128C = 0xB667B889
[27935.221335] [BB][REG][0]0x1290 = 0x7B9B8899
[27935.221336] [BB][REG][0]0x1294 = 0x7A5567C8
[27935.221337] [BB][REG][0]0x1298 = 0x2278CCCC
[27935.221339] [BB][REG][0]0x129C = 0x00037C22
[27935.221340] [BB][REG][0]0x12A0 = 0x001CCCCC
[27935.221341] [BB][REG][0]0x12A4 = 0x00000000
[27935.221343] [BB][REG][0]0x12A8 = 0x00000008
[27935.221344] [BB][REG][0]0x12AC = 0x00000000
[27935.221345] [BB][REG][0]0x12B0 = 0x00000000
[27935.221347] [BB][REG][0]0x12B4 = 0x00000000
[27935.221348] [BB][REG][0]0x12B8 = 0x10000800
[27935.221349] [BB][REG][0]0x12BC = 0x00401802
[27935.221351] [BB][REG][0]0x12C0 = 0x00061004
[27935.221352] [BB][REG][0]0x12C4 = 0x000024D8
[27935.221353] [BB][REG][0]0x12C8 = 0x10000020
[27935.221355] [BB][REG][0]0x12CC = 0x20000200
[27935.221356] [BB][REG][0]0x12D0 = 0x00000000
[27935.221357] [BB][REG][0]0x12D4 = 0x04000000
[27935.221359] [BB][REG][0]0x12D8 = 0x44000100
[27935.221360] [BB][REG][0]0x12DC = 0x60804060
[27935.221361] [BB][REG][0]0x12E0 = 0x44204210
[27935.221363] [BB][REG][0]0x12E4 = 0x82108082
[27935.221364] [BB][REG][0]0x12E8 = 0x82108402
[27935.221365] [BB][REG][0]0x12EC = 0xC8082108
[27935.221367] [BB][REG][0]0x12F0 = 0x48202084
[27935.221368] [BB][REG][0]0x12F4 = 0x44208208
[27935.221369] [BB][REG][0]0x12F8 = 0x84108204
[27935.221371] [BB][REG][0]0x12FC = 0xD0108104
[27935.221372] [BB][REG][0]0x1300 = 0xF8210108
[27935.221373] [BB][REG][0]0x1304 = 0x6431E930
[27935.221375] [BB][REG][0]0x1308 = 0x02109468
[27935.221376] [BB][REG][0]0x130C = 0x10C61C22
[27935.221377] [BB][REG][0]0x1310 = 0x02109469
[27935.221379] [BB][REG][0]0x1314 = 0x10C61C22
[27935.221380] [BB][REG][0]0x1318 = 0x00041049
[27935.221381] [BB][REG][0]0x131C = 0x00000000
[27935.221382] [BB][REG][0]0x1320 = 0x00000000
[27935.221384] [BB][REG][0]0x1324 = 0xA0000000
[27935.221385] [BB][REG][0]0x1328 = 0x04204000
[27935.221386] [BB][REG][0]0x132C = 0x00000000
[27935.221388] [BB][REG][0]0x1330 = 0x00000000
[27935.221389] [BB][REG][0]0x1334 = 0x00000000
[27935.221390] [BB][REG][0]0x1338 = 0x00000000
[27935.221392] [BB][REG][0]0x133C = 0x25F64320
[27935.221393] [BB][REG][0]0x1340 = 0xA80668A0
[27935.221394] [BB][REG][0]0x1344 = 0x60900820
[27935.221396] [BB][REG][0]0x1348 = 0xA108598C
[27935.221397] [BB][REG][0]0x134C = 0x32488A62
[27935.221398] [BB][REG][0]0x1350 = 0x9C6E36DC
[27935.221400] [BB][REG][0]0x1354 = 0x0000B50B
[27935.221401] [BB][REG][0]0x1358 = 0x00000000
[27935.221402] [BB][REG][0]0x135C = 0x0801442E
[27935.221404] [BB][REG][0]0x1360 = 0x000120B8
[27935.221405] [BB][REG][0]0x1364 = 0x00000000
[27935.221406] [BB][REG][0]0x1368 = 0x00000000
[27935.221408] [BB][REG][0]0x136C = 0x00000000
[27935.221409] [BB][REG][0]0x1370 = 0x00000000
[27935.221410] [BB][REG][0]0x1374 = 0x00000000
[27935.221412] [BB][REG][0]0x1378 = 0x2A0A6040
[27935.221413] [BB][REG][0]0x137C = 0x0A0A6829
[27935.221414] [BB][REG][0]0x1380 = 0x00000004
[27935.221416] [BB][REG][0]0x1384 = 0x00000000
[27935.221417] [BB][REG][0]0x1388 = 0x80000000
[27935.221418] [BB][REG][0]0x138C = 0x10000000
[27935.221420] [BB][REG][0]0x1390 = 0xA0000000
[27935.221421] [BB][REG][0]0x1394 = 0x0000001E
[27935.221422] [BB][REG][0]0x1398 = 0x00018614
[27935.221424] [BB][REG][0]0x139C = 0x00000001
[27935.221425] [BB][REG][0]0x13A0 = 0x00000001
[27935.221426] [BB][REG][0]0x13A4 = 0x00000000
[27935.221427] [BB][REG][0]0x13A8 = 0x00000000
[27935.221429] [BB][REG][0]0x13AC = 0x00000000
[27935.221430] [BB][REG][0]0x13B0 = 0x00000000
[27935.221431] [BB][REG][0]0x13B4 = 0x00000000
[27935.221433] [BB][REG][0]0x13B8 = 0x00000000
[27935.221434] [BB][REG][0]0x13BC = 0x00000000
[27935.221435] [BB][REG][0]0x13C0 = 0x00000000
[27935.221437] [BB][REG][0]0x13C4 = 0x00000000
[27935.221438] [BB][REG][0]0x13C8 = 0x00000000
[27935.221439] [BB][REG][0]0x13CC = 0x00000000
[27935.221440] [BB][REG][0]0x13D0 = 0x00000000
[27935.221442] [BB][REG][0]0x13D4 = 0x00000000
[27935.221443] [BB][REG][0]0x13D8 = 0x00000000
[27935.221444] [BB][REG][0]0x13DC = 0x00000000
[27935.221446] [BB][REG][0]0x13E0 = 0x00000000
[27935.221447] [BB][REG][0]0x13E4 = 0x00000000
[27935.221448] [BB][REG][0]0x13E8 = 0x00000000
[27935.221449] [BB][REG][0]0x13EC = 0x00000000
[27935.221451] [BB][REG][0]0x13F0 = 0x00000000
[27935.221452] [BB][REG][0]0x13F4 = 0x00000000
[27935.221453] [BB][REG][0]0x13F8 = 0x00000000
[27935.221455] [BB][REG][0]0x13FC = 0x00000000
[27935.221456] [BB][REG][0]0x1400 = 0x00000000
[27935.221457] [BB][REG][0]0x1404 = 0x00000000
[27935.221459] [BB][REG][0]0x1408 = 0x00000000
[27935.221460] [BB][REG][0]0x140C = 0x00000000
[27935.221461] [BB][REG][0]0x1410 = 0x00000000
[27935.221463] [BB][REG][0]0x1414 = 0x00000000
[27935.221464] [BB][REG][0]0x1418 = 0x00000000
[27935.221465] [BB][REG][0]0x141C = 0x00000000
[27935.221467] [BB][REG][0]0x1420 = 0x00000000
[27935.221468] [BB][REG][0]0x1424 = 0x4EA20631
[27935.221469] [BB][REG][0]0x1428 = 0x000005C8
[27935.221471] [BB][REG][0]0x142C = 0x000000FF
[27935.221472] [BB][REG][0]0x1430 = 0x00000000
[27935.221473] [BB][REG][0]0x1434 = 0x00000000
[27935.221475] [BB][REG][0]0x1438 = 0x00000000
[27935.221476] [BB][REG][0]0x143C = 0x00000000
[27935.221477] [BB][REG][0]0x1440 = 0x00000000
[27935.221478] [BB][REG][0]0x1444 = 0x00000000
[27935.221480] [BB][REG][0]0x1448 = 0x00000000
[27935.221481] [BB][REG][0]0x144C = 0x00000000
[27935.221482] [BB][REG][0]0x1450 = 0x00000000
[27935.221484] [BB][REG][0]0x1454 = 0x4060001A
[27935.221485] [BB][REG][0]0x1458 = 0x40000000
[27935.221486] [BB][REG][0]0x145C = 0x00000000
[27935.221488] [BB][REG][0]0x1460 = 0x20000000
[27935.221489] [BB][REG][0]0x1464 = 0x00800406
[27935.221490] [BB][REG][0]0x1468 = 0x00022270
[27935.221492] [BB][REG][0]0x146C = 0x0002024B
[27935.221493] [BB][REG][0]0x1470 = 0x00009B40
[27935.221494] [BB][REG][0]0x1474 = 0x00000000
[27935.221496] [BB][REG][0]0x1478 = 0x00000063
[27935.221497] [BB][REG][0]0x147C = 0x30000000
[27935.221498] [BB][REG][0]0x1480 = 0x00000001
[27935.221500] [BB][REG][0]0x1484 = 0x02800000
[27935.221501] [BB][REG][0]0x1488 = 0xE0000800
[27935.221502] [BB][REG][0]0x148C = 0x03FC0000
[27935.221504] [BB][REG][0]0x1490 = 0x00000001
[27935.221505] [BB][REG][0]0x1494 = 0x00000000
[27935.221506] [BB][REG][0]0x1498 = 0x00000700
[27935.221508] [BB][REG][0]0x149C = 0x00500000
[27935.221509] [BB][REG][0]0x14A0 = 0xC0000048
[27935.221510] [BB][REG][0]0x14A4 = 0x1C909200
[27935.221512] [BB][REG][0]0x14A8 = 0x00000010
[27935.221513] [BB][REG][0]0x14AC = 0x00000000
[27935.221514] [BB][REG][0]0x14B0 = 0x00F20006
[27935.221516] [BB][REG][0]0x14B4 = 0x000000E9
[27935.221517] [BB][REG][0]0x14B8 = 0x00000000
[27935.221518] [BB][REG][0]0x14BC = 0x00000000
[27935.221520] [BB][REG][0]0x14C0 = 0x000CE000
[27935.221521] [BB][REG][0]0x14C4 = 0x0007E0AB
[27935.221522] [BB][REG][0]0x14C8 = 0x00024051
[27935.221523] [BB][REG][0]0x14CC = 0x00000012
[27935.221525] [BB][REG][0]0x14D0 = 0x00000000
[27935.221526] [BB][REG][0]0x14D4 = 0x1212100B
[27935.221527] [BB][REG][0]0x14D8 = 0x00000006
[27935.221529] [BB][REG][0]0x14DC = 0x00000000
[27935.221530] [BB][REG][0]0x14E0 = 0x00000872
[27935.221531] [BB][REG][0]0x14E4 = 0x00000003
[27935.221533] [BB][REG][0]0x14E8 = 0x000003D9
[27935.221534] [BB][REG][0]0x18D0 = 0x00000000
[27935.221535] [BB][REG][0]0x18D4 = 0x00000001
[27935.221537] [BB][REG][0]0x14EC = 0x00000000
[27935.221538] [BB][REG][0]0x14F0 = 0x00000001
[27935.221539] [BB][REG][0]0x14F4 = 0x25294992
[27935.221540] [BB][REG][0]0x14F8 = 0x1CE62A52
[27935.221542] [BB][REG][0]0x14FC = 0x1CF739CE
[27935.221543] [BB][REG][0]0x1500 = 0x5CE739CE
[27935.221544] [BB][REG][0]0x1504 = 0x0002908E
[27935.221546] [BB][REG][0]0x1508 = 0x00000001
[27935.221547] [BB][REG][0]0x150C = 0x00000077
[27935.221548] [BB][REG][0]0x1510 = 0x00000028
[27935.221550] [BB][REG][0]0x1514 = 0x00000004
[27935.221551] [BB][REG][0]0x1518 = 0x00000000
[27935.221552] [BB][REG][0]0x151C = 0x00000000
[27935.221554] [BB][REG][0]0x1520 = 0x00E2E100
[27935.221555] [BB][REG][0]0x1524 = 0xCB00B6B6
[27935.221556] [BB][REG][0]0x1528 = 0x59100FCA
[27935.221558] [BB][REG][0]0x152C = 0x08882550
[27935.221559] [BB][REG][0]0x1530 = 0x08CC2660
[27935.221560] [BB][REG][0]0x1534 = 0x09102660
[27935.221562] [BB][REG][0]0x1538 = 0x00000154
[27935.221563] [BB][REG][0]0x153C = 0x31BF0400
[27935.221564] [BB][REG][0]0x1540 = 0x2C4E346D
[27935.221566] [BB][REG][0]0x1544 = 0x3D7C6D6D
[27935.221567] [BB][REG][0]0x1548 = 0x009CFDF0
[27935.221568] [BB][REG][0]0x154C = 0xE2003F80
[27935.221570] [BB][REG][0]0x1550 = 0x02CA8D00
[27935.221571] [BB][REG][0]0x1554 = 0x41E7F306
[27935.221572] [BB][REG][0]0x1558 = 0x75DC3E3A
[27935.221574] [BB][REG][0]0x155C = 0xB136EECE
[27935.221575] [BB][REG][0]0x1560 = 0xBFBF41B2
[27935.221576] [BB][REG][0]0x1564 = 0x78910D36
[27935.221578] [BB][REG][0]0x1568 = 0xB7C5FEF8
[27935.221579] [BB][REG][0]0x156C = 0x2A72AD17
[27935.221580] [BB][REG][0]0x1570 = 0xC2544FB2
[27935.221582] [BB][REG][0]0x1574 = 0x50823404
[27935.221583] [BB][REG][0]0x1578 = 0xBE84BC00
[27935.221584] [BB][REG][0]0x157C = 0x9889314F
[27935.221586] [BB][REG][0]0x1580 = 0x5ECC7FF4
[27935.221587] [BB][REG][0]0x1584 = 0x6388ECAE
[27935.221588] [BB][REG][0]0x1588 = 0xF8434706
[27935.221590] [BB][REG][0]0x158C = 0x6505D59A
[27935.221591] [BB][REG][0]0x1590 = 0x5B6D6494
[27935.221592] [BB][REG][0]0x1594 = 0x5CE6C5B6
[27935.221594] [BB][REG][0]0x1598 = 0x05467F3D
[27935.221595] [BB][REG][0]0x18A8 = 0xF9D7BA9F
[27935.221596] [BB][REG][0]0x18AC = 0x4F563411
[27935.221598] [BB][REG][0]0x18B0 = 0x00000067
[27935.221599] [BB][REG][0]0x18C0 = 0x00000009
[27935.221600] [BB][REG][0]0x18C8 = 0x00000008
[27935.221601] [BB][REG][0]0x159C = 0x00000000
[27935.221603] [BB][REG][0]0x15A0 = 0x00000000
[27935.221604] [BB][REG][0]0x15A4 = 0x00000219
[27935.221605] [BB][REG][0]0x15A8 = 0x00000000
[27935.221607] [BB][REG][0]0x15AC = 0x00000000
[27935.221608] [BB][REG][0]0x15B0 = 0x00000001
[27935.221609] [BB][REG][0]0x15B4 = 0x00000001
[27935.221611] [BB][REG][0]0x15B8 = 0x00000000
[27935.221612] [BB][REG][0]0x15BC = 0x00000000
[27935.221613] [BB][REG][0]0x15C0 = 0x00000151
[27935.221614] [BB][REG][0]0x15C4 = 0x00000498
[27935.221616] [BB][REG][0]0x15C8 = 0x00000498
[27935.221617] [BB][REG][0]0x15CC = 0x00000000
[27935.221618] [BB][REG][0]0x15D0 = 0x00000000
[27935.221620] [BB][REG][0]0x15D4 = 0x000013C6
[27935.221621] [BB][REG][0]0x15D8 = 0x00000000
[27935.221622] [BB][REG][0]0x15DC = 0x00000000
[27935.221624] [BB][REG][0]0x15E0 = 0x00E2E100
[27935.221625] [BB][REG][0]0x15E4 = 0xCB00B6B6
[27935.221626] [BB][REG][0]0x15E8 = 0x59100FCA
[27935.221628] [BB][REG][0]0x15EC = 0x08882550
[27935.221629] [BB][REG][0]0x15F0 = 0x08CC2660
[27935.221630] [BB][REG][0]0x15F4 = 0x09102660
[27935.221632] [BB][REG][0]0x15F8 = 0x00000154
[27935.221633] [BB][REG][0]0x15FC = 0x31BF0400
[27935.221634] [BB][REG][0]0x1600 = 0x2C4E346D
[27935.221636] [BB][REG][0]0x1604 = 0x3D7C6D6D
[27935.221637] [BB][REG][0]0x1608 = 0x009CFDF0
[27935.221638] [BB][REG][0]0x160C = 0xE2003F80
[27935.221640] [BB][REG][0]0x1610 = 0x02CA8D00
[27935.221641] [BB][REG][0]0x1614 = 0x41E7E306
[27935.221642] [BB][REG][0]0x1618 = 0x75DC3E39
[27935.221644] [BB][REG][0]0x161C = 0xB136EECE
[27935.221645] [BB][REG][0]0x1620 = 0xBFBF31B2
[27935.221646] [BB][REG][0]0x1624 = 0x78910D35
[27935.221648] [BB][REG][0]0x1628 = 0xB7C5FEF8
[27935.221649] [BB][REG][0]0x162C = 0x2A72AD17
[27935.221650] [BB][REG][0]0x1630 = 0xC2544FB2
[27935.221651] [BB][REG][0]0x1634 = 0x50823404
[27935.221653] [BB][REG][0]0x1638 = 0xBE84BC00
[27935.221654] [BB][REG][0]0x163C = 0x9889314F
[27935.221655] [BB][REG][0]0x1640 = 0x5ECC7FF4
[27935.221657] [BB][REG][0]0x1644 = 0x6388ECAE
[27935.221658] [BB][REG][0]0x1648 = 0xF8434706
[27935.221659] [BB][REG][0]0x164C = 0x6505D59A
[27935.221661] [BB][REG][0]0x1650 = 0x5B6D6494
[27935.221662] [BB][REG][0]0x1654 = 0x5CE6C5B6
[27935.221663] [BB][REG][0]0x1658 = 0x05467F3D
[27935.221665] [BB][REG][0]0x18B4 = 0xF9D7B99E
[27935.221666] [BB][REG][0]0x18B8 = 0x4F553311
[27935.221667] [BB][REG][0]0x18BC = 0x00000067
[27935.221669] [BB][REG][0]0x18C4 = 0x00000009
[27935.221670] [BB][REG][0]0x18CC = 0x00000008
[27935.221671] [BB][REG][0]0x165C = 0x00000000
[27935.221673] [BB][REG][0]0x1660 = 0x00000000
[27935.221674] [BB][REG][0]0x1664 = 0x00000219
[27935.221675] [BB][REG][0]0x1668 = 0x00000000
[27935.221677] [BB][REG][0]0x166C = 0x00000000
[27935.221678] [BB][REG][0]0x1670 = 0x00000001
[27935.221679] [BB][REG][0]0x1674 = 0x00000001
[27935.221681] [BB][REG][0]0x1678 = 0x00000000
[27935.221682] [BB][REG][0]0x167C = 0x00000000
[27935.221683] [BB][REG][0]0x1680 = 0x00000151
[27935.221684] [BB][REG][0]0x1684 = 0x00000498
[27935.221686] [BB][REG][0]0x1688 = 0x00000498
[27935.221687] [BB][REG][0]0x168C = 0x00000000
[27935.221688] [BB][REG][0]0x1690 = 0x00000000
[27935.221690] [BB][REG][0]0x1694 = 0x000013C6
[27935.221691] [BB][REG][0]0x1698 = 0xE32103FE
[27935.221692] [BB][REG][0]0x169C = 0xB20A7B28
[27935.221694] [BB][REG][0]0x16A0 = 0xC6A7B14F
[27935.221695] [BB][REG][0]0x16A4 = 0x0000003B
[27935.221696] [BB][REG][0]0x16A8 = 0x009B902A
[27935.221698] [BB][REG][0]0x16AC = 0x009B902A
[27935.221699] [BB][REG][0]0x16B0 = 0x98682C18
[27935.221700] [BB][REG][0]0x16B4 = 0x6308C4C1
[27935.221702] [BB][REG][0]0x16B8 = 0x6248C631
[27935.221703] [BB][REG][0]0x16BC = 0x922A8253
[27935.221704] [BB][REG][0]0x16C0 = 0x00000005
[27935.221706] [BB][REG][0]0x16C4 = 0x00001759
[27935.221707] [BB][REG][0]0x16C8 = 0x4B802000
[27935.221708] [BB][REG][0]0x16CC = 0x831408BE
[27935.221710] [BB][REG][0]0x16D0 = 0x9ABBCACB
[27935.221711] [BB][REG][0]0x16D4 = 0x56767578
[27935.221712] [BB][REG][0]0x16D8 = 0xBBCCBBB3
[27935.221714] [BB][REG][0]0x16DC = 0x57887789
[27935.221715] [BB][REG][0]0x16E0 = 0x00000F45
[27935.221716] [BB][REG][0]0x16E4 = 0x27039CE9
[27935.221718] [BB][REG][0]0x16E8 = 0x31413432
[27935.221719] [BB][REG][0]0x16EC = 0x62658342
[27935.221720] [BB][REG][0]0x16F0 = 0x00000005
[27935.221721] [BB][REG][0]0x16F4 = 0x00000005
[27935.221723] [BB][REG][0]0x16F8 = 0xC7013016
[27935.221724] [BB][REG][0]0x16FC = 0x84413016
[27935.221725] [BB][REG][0]0x1700 = 0x84413016
[27935.221727] [BB][REG][0]0x1704 = 0x8C413016
[27935.221728] [BB][REG][0]0x1708 = 0x8C40B028
[27935.221729] [BB][REG][0]0x170C = 0x3140B028
[27935.221731] [BB][REG][0]0x1710 = 0x2940B028
[27935.221732] [BB][REG][0]0x1714 = 0x8440B028
[27935.221733] [BB][REG][0]0x1718 = 0x2318C610
[27935.221735] [BB][REG][0]0x171C = 0x45334753
[27935.221736] [BB][REG][0]0x1720 = 0x236A6A88
[27935.221737] [BB][REG][0]0x1724 = 0x576DF814
[27935.221739] [BB][REG][0]0x1728 = 0xA08877AC
[27935.221740] [BB][REG][0]0x172C = 0x0000007A
[27935.221741] [BB][REG][0]0x1730 = 0xBCEB4A14
[27935.221743] [BB][REG][0]0x1734 = 0x000A3A4A
[27935.221744] [BB][REG][0]0x1738 = 0xBCEB4A14
[27935.221745] [BB][REG][0]0x173C = 0x000A3A4A
[27935.221747] [BB][REG][0]0x1740 = 0xBCBDAC97
[27935.221748] [BB][REG][0]0x1744 = 0x0CABB99A
[27935.221749] [BB][REG][0]0x1748 = 0x38384242
[27935.221751] [BB][REG][0]0x174C = 0x0086402E
[27935.221752] [BB][REG][0]0x1750 = 0x06E066AA
[27935.221753] [BB][REG][0]0x1754 = 0x00008A62
[27935.221755] [BB][REG][0]0x1758 = 0x00000008
[27935.221756] [BB][REG][0]0x175C = 0x009B902A
[27935.221757] [BB][REG][0]0x1760 = 0x009B902A
[27935.221758] [BB][REG][0]0x1764 = 0x98682C18
[27935.221760] [BB][REG][0]0x1768 = 0x6308C4C1
[27935.221761] [BB][REG][0]0x176C = 0x6248C631
[27935.221762] [BB][REG][0]0x1770 = 0x922A8253
[27935.221764] [BB][REG][0]0x1774 = 0x00000005
[27935.221765] [BB][REG][0]0x1778 = 0x00001759
[27935.221766] [BB][REG][0]0x177C = 0x4B802000
[27935.221768] [BB][REG][0]0x1780 = 0x831408BE
[27935.221769] [BB][REG][0]0x1784 = 0x9898A8BB
[27935.221770] [BB][REG][0]0x1788 = 0x54535368
[27935.221772] [BB][REG][0]0x178C = 0x999999B3
[27935.221773] [BB][REG][0]0x1790 = 0x35555589
[27935.221774] [BB][REG][0]0x1794 = 0x00000745
[27935.221776] [BB][REG][0]0x1798 = 0x27039CE9
[27935.221777] [BB][REG][0]0x179C = 0x31413432
[27935.221778] [BB][REG][0]0x17A0 = 0x62658342
[27935.221780] [BB][REG][0]0x17A4 = 0x00000005
[27935.221781] [BB][REG][0]0x17A8 = 0x00000005
[27935.221782] [BB][REG][0]0x17AC = 0xC7013016
[27935.221784] [BB][REG][0]0x17B0 = 0x84413016
[27935.221785] [BB][REG][0]0x17B4 = 0x84413016
[27935.221786] [BB][REG][0]0x17B8 = 0x8C413016
[27935.221788] [BB][REG][0]0x17BC = 0x8C40B028
[27935.221789] [BB][REG][0]0x17C0 = 0x3140B028
[27935.221790] [BB][REG][0]0x17C4 = 0x2940B028
[27935.221792] [BB][REG][0]0x17C8 = 0x8440B028
[27935.221793] [BB][REG][0]0x17CC = 0x2318C610
[27935.221794] [BB][REG][0]0x17D0 = 0x45334753
[27935.221796] [BB][REG][0]0x17D4 = 0x236A6A88
[27935.221797] [BB][REG][0]0x17D8 = 0x576DF814
[27935.221798] [BB][REG][0]0x17DC = 0xA08877AC
[27935.221800] [BB][REG][0]0x17E0 = 0x0000007A
[27935.221801] [BB][REG][0]0x17E4 = 0xBCEB4A14
[27935.221802] [BB][REG][0]0x17E8 = 0x000A3A4A
[27935.221803] [BB][REG][0]0x17EC = 0xBCEB4A14
[27935.221805] [BB][REG][0]0x17F0 = 0x000A3A4A
[27935.221806] [BB][REG][0]0x17F4 = 0x9A8A8A97
[27935.221808] [BB][REG][0]0x17F8 = 0x0CA3B99A
[27935.221809] [BB][REG][0]0x17FC = 0x38384242
[27935.221810] [BB][REG][0]0x1800 = 0x0086402E
[27935.221811] [BB][REG][0]0x1804 = 0x06E066AA
[27935.221813] [BB][REG][0]0x1808 = 0x00008A62
[27935.221814] [BB][REG][0]0x180C = 0x00000008
[27935.221815] [BB][REG][0]0x1810 = 0x80040000
[27935.221817] [BB][REG][0]0x1814 = 0x80040000
[27935.221818] [BB][REG][0]0x1818 = 0xFE800000
[27935.221819] [BB][REG][0]0x181C = 0x834C0000
[27935.221821] [BB][REG][0]0x1820 = 0x00000000
[27935.221822] [BB][REG][0]0x1824 = 0x00000000
[27935.221823] [BB][REG][0]0x1828 = 0x00000000
[27935.221825] [BB][REG][0]0x182C = 0x00000000
[27935.221826] [BB][REG][0]0x1830 = 0x00000000
[27935.221827] [BB][REG][0]0x1834 = 0x00000000
[27935.221828] [BB][REG][0]0x1838 = 0x00000000
[27935.221830] [BB][REG][0]0x183C = 0x00000000
[27935.221831] [BB][REG][0]0x1840 = 0x00000000
[27935.221832] [BB][REG][0]0x1844 = 0x00000000
[27935.221834] [BB][REG][0]0x1848 = 0x00000000
[27935.221835] [BB][REG][0]0x184C = 0x04065800
[27935.221836] [BB][REG][0]0x1850 = 0x12010080
[27935.221838] [BB][REG][0]0x1854 = 0x0E1E3E05
[27935.221839] [BB][REG][0]0x1858 = 0x0A163068
[27935.221840] [BB][REG][0]0x185C = 0x00206040
[27935.221842] [BB][REG][0]0x1860 = 0x02020202
[27935.221843] [BB][REG][0]0x1864 = 0x0FBF6020
[27935.221844] [BB][REG][0]0x1868 = 0x011F7EFC
[27935.221846] [BB][REG][0]0x186C = 0x0FBF3EFD
[27935.221847] [BB][REG][0]0x1870 = 0x0000007D
[27935.221848] [BB][REG][0]0x1874 = 0x00000000
[27935.221850] [BB][REG][0]0x1878 = 0x800CD62D
[27935.221851] [BB][REG][0]0x187C = 0x00000103
[27935.221852] [BB][REG][0]0x1880 = 0x00000000
[27935.221853] [BB][REG][0]0x1884 = 0x00000000
[27935.221855] [BB][REG][0]0x1888 = 0x00000000
[27935.221856] [BB][REG][0]0x188C = 0x00000000
[27935.221857] [BB][REG][0]0x1890 = 0x00000000
[27935.221859] [BB][REG][0]0x1894 = 0x00000000
[27935.221860] [BB][REG][0]0x1898 = 0x00000000
[27935.221861] [BB][REG][0]0x189C = 0x00000000
[27935.221863] [BB][REG][0]0x18A0 = 0x00000000
[27935.221864] [BB][REG][0]0x18A4 = 0x00000000
[27935.221865] [BB][REG][0]0x0D80 = 0x10002250
[27935.221867] [BB][REG][0]0x0DC0 = 0x10002250
[27935.221868] [BB][REG][0]0x0D14 = 0x3C3C4100
[27935.221869] [BB][REG][0]0x0DD4 = 0x3C3C4110
[27935.221871] [BB][REG][0]0x1454 = 0x4060001A
[27935.221872] [BB][REG][0]0x0244 = 0x2314283C
[27935.221873] [BB][REG][0]0x0244 = 0x2323283C
[27935.221875] [BB][REG][0]0x0D94 = 0x00000010
[27935.221876] [BB][REG][0]0x0A3C = 0x2840E1BF
[27935.221877] [BB][REG][0]0x0A40 = 0x00000000
[27935.221878] [BB][REG][0]0x0A44 = 0x00000007
[27935.221880] [BB][REG][0]0x0A48 = 0x410E4000
[27935.221881] [BB][REG][0]0x0A54 = 0x1001436E
[27935.221882] [BB][REG][0]0x0A58 = 0x41000000
[27935.221884] [BB][REG][0]0x0830 = 0x00000002
[27935.221885] [BB][REG][0]0x0A60 = 0x017FFFF2
[27935.221886] [BB][REG][0]0x0A64 = 0x0010A130
[27935.221888] [BB][REG][0]0x0A64 = 0x0010A130
[27935.221889] [BB][REG][0]0x0A68 = 0x000000FF
[27935.221890] [BB][REG][0]0x0A64 = 0x0010A130
[27935.221892] [BB][REG][0]0x0A54 = 0x1001436E
[27935.221893] [BB][REG][0]0x0A6C = 0x00000020
[27935.221894] [BB][REG][0]0x0808 = 0x00000000
[27935.221896] [BB][REG][0]0x0A6C = 0x00000020
[27935.221897] [BB][REG][0]0x0F84 = 0x0043F01D
[27935.221899] [BB][REG][0]0x4CD0 = 0x00000000
[27935.221900] [BB][REG][0]0x4CEC = 0x888CA72B
[27935.221901] [BB][REG][0]0x4DD0 = 0x00000000
[27935.221903] [BB][REG][0]0x4DEC = 0x888CA72B
[27935.221904] [BB][REG][0]0x4540 = 0x76582BF7
[27935.221905] [BB][REG][0]0x4544 = 0x00104630
[27935.221907] [BB][REG][0]0x4548 = 0x0000FFFC
[27935.221908] [BB][REG][0]0x454C = 0x00000000
[27935.221909] [BB][REG][0]0x4550 = 0x00000000
[27935.221910] [BB][REG][0]0x4554 = 0x00000035
[27935.221912] [BB][REG][0]0x4558 = 0x00000000
[27935.221913] [BB][REG][0]0x455C = 0x00000000
[27935.221914] [BB][REG][0]0x4560 = 0x00000000
[27935.221916] [BB][REG][0]0x4564 = 0x00000000
[27935.221917] [BB][REG][0]0x4570 = 0x00000000
[27935.221918] [BB][REG][0]0x4590 = 0x000003FF
[27935.221920] [BB][REG][0]0x4594 = 0x00000000
[27935.221921] [BB][REG][0]0x4598 = 0x0000003F
[27935.221922] [BB][REG][0]0x459C = 0x00000000
[27935.221924] [BB][REG][0]0x45A0 = 0x00000000
[27935.221925] [BB][REG][0]0x45A4 = 0x00000000
[27935.221926] [BB][REG][0]0x45A8 = 0x00000000
[27935.221927] [BB][REG][0]0x45AC = 0x00000000
[27935.221929] [BB][REG][0]0x4500 = 0x77777777
[27935.221930] [BB][REG][0]0x4504 = 0x99999999
[27935.221931] [BB][REG][0]0x4508 = 0x99999999
[27935.221933] [BB][REG][0]0x450C = 0x00000070
[27935.221934] [BB][REG][0]0x4510 = 0x20110900
[27935.221935] [BB][REG][0]0x4510 = 0x20110FFF
[27935.221937] [BB][REG][0]0x457C = 0x001C0408
[27935.221938] [BB][REG][0]0x4584 = 0x00000007
[27935.221939] [BB][REG][0]0x4518 = 0x50209D00
[27935.221941] [BB][REG][0]0x4580 = 0x00804100
[27935.221942] [BB][REG][0]0x0814 = 0x0001004F
[27935.221943] [BB][REG][0]0x0804 = 0x601E00FD
[27935.221945] [BB][REG][0]0x0810 = 0xEF810000
[27935.221946] [BB][REG][0]0x0884 = 0x601E0100
[27935.221947] [BB][REG][0]0x0890 = 0xEF810000
[27935.221949] [BB][REG][0]0x0000 = 0x0580801F
[27935.221950] [BB][REG][0]0x0000 = 0x8580801F
[27935.221951] [BB][REG][0]0x0B34 = 0xFFFFFFFF
[27935.221953] [BB][REG][0]0x0B3C = 0x55000000
[27935.221954] [BB][REG][0]0x0B40 = 0x00005555
[27935.221955] [BB][REG][0]0x0824 = 0x00111201
[27935.221957] [BB][REG][0]0x7C68 = 0xA9550000
[27935.221958] [BB][REG][0]0x7C70 = 0x33221100
[27935.221959] [BB][REG][0]0x7C74 = 0x77665544
[27935.221961] [BB][REG][0]0x7C78 = 0xBBAA9988
[27935.221962] [BB][REG][0]0x7C7C = 0xFFEEDDCC
[27935.221963] [BB][REG][0]0x7C80 = 0x76543210
[27935.221965] [BB][REG][0]0x7C84 = 0xFEDCBA98
[27935.221966] [BB][REG][0]0x7C88 = 0x00000000
[27935.221967] [BB][REG][0]0x7C8C = 0x00000000
[27935.221969] [BB][REG][0]0x7C94 = 0x00000008
[27935.221970] [BB][REG][0]0x7D68 = 0xA9550000
[27935.221971] [BB][REG][0]0x7D70 = 0x33221100
[27935.221973] [BB][REG][0]0x7D74 = 0x77665544
[27935.221974] [BB][REG][0]0x7D78 = 0xBBAA9988
[27935.221975] [BB][REG][0]0x7D7C = 0xFFEEDDCC
[27935.221977] [BB][REG][0]0x7D80 = 0x76543210
[27935.221978] [BB][REG][0]0x7D84 = 0xFEDCBA98
[27935.221979] [BB][REG][0]0x7D88 = 0x00000000
[27935.221980] [BB][REG][0]0x7D8C = 0x00000000
[27935.221982] [BB][REG][0]0x7D94 = 0x00000008
[27935.221983] [BB][REG][0]0x0E0C = 0x00000000
[27935.221984] [BB][REG][0]0x7800 = 0x02748790
[27935.221986] [BB][REG][0]0x7804 = 0x00558670
[27935.221987] [BB][REG][0]0x7808 = 0x002883F0
[27935.221988] [BB][REG][0]0x780C = 0x00090120
[27935.221990] [BB][REG][0]0x7810 = 0x00000000
[27935.221991] [BB][REG][0]0x7814 = 0x06000000
[27935.221992] [BB][REG][0]0x7818 = 0x00000000
[27935.221994] [BB][REG][0]0x781C = 0x00000000
[27935.221995] [BB][REG][0]0x7820 = 0x03020100
[27935.221996] [BB][REG][0]0x7824 = 0x07060504
[27935.221998] [BB][REG][0]0x7828 = 0x0B0A0908
[27935.221999] [BB][REG][0]0x782C = 0x0F0E0D0C
[27935.222000] [BB][REG][0]0x7830 = 0x13121110
[27935.222002] [BB][REG][0]0x7834 = 0x17161514
[27935.222003] [BB][REG][0]0x7838 = 0x0C700022
[27935.222004] [BB][REG][0]0x783C = 0x0A05298F
[27935.222006] [BB][REG][0]0x7840 = 0x0005296E
[27935.222007] [BB][REG][0]0x7844 = 0x0006318A
[27935.222008] [BB][REG][0]0x7848 = 0xA006318A
[27935.222010] [BB][REG][0]0x784C = 0x80039CA7
[27935.222011] [BB][REG][0]0x7850 = 0x80039CA7
[27935.222012] [BB][REG][0]0x7854 = 0x0005298F
[27935.222014] [BB][REG][0]0x7858 = 0x0015296E
[27935.222015] [BB][REG][0]0x785C = 0x0C07FC31
[27935.222016] [BB][REG][0]0x7860 = 0x0219A6AE
[27935.222018] [BB][REG][0]0x7864 = 0xE4F624C3
[27935.222019] [BB][REG][0]0x7868 = 0x53626F15
[27935.222020] [BB][REG][0]0x786C = 0x48000000
[27935.222022] [BB][REG][0]0x7870 = 0x48000000
[27935.222023] [BB][REG][0]0x7874 = 0x034C0000
[27935.222024] [BB][REG][0]0x7878 = 0x202401B0
[27935.222026] [BB][REG][0]0x787C = 0x00F70016
[27935.222027] [BB][REG][0]0x7880 = 0x0F0A1111
[27935.222028] [BB][REG][0]0x7884 = 0x30C9000F
[27935.222030] [BB][REG][0]0x7888 = 0x0400EA02
[27935.222031] [BB][REG][0]0x788C = 0x003CB061
[27935.222032] [BB][REG][0]0x7890 = 0x69C00000
[27935.222034] [BB][REG][0]0x7894 = 0x00000000
[27935.222035] [BB][REG][0]0x7898 = 0x000000F0
[27935.222036] [BB][REG][0]0x789C = 0x0001FFFF
[27935.222038] [BB][REG][0]0x78A0 = 0x00C80064
[27935.222039] [BB][REG][0]0x78A4 = 0x0190012C
[27935.222040] [BB][REG][0]0x78A8 = 0x001917FE
[27935.222042] [BB][REG][0]0x78AC = 0x07308A00
[27935.222043] [BB][REG][0]0x78B0 = 0x0001CE00
[27935.222044] [BB][REG][0]0x78B4 = 0x00027C00
[27935.222045] [BB][REG][0]0x0A70 = 0x00000400
[27935.222047] [BB][REG][0]0x0800 = 0x00000030
[27935.222048] [BB][REG][0]0x0804 = 0x601E00FF
[27935.222049] [BB][REG][0]0x0884 = 0x601E0102
[27935.222051] [BB][REG][0]0x0804 = 0x601E00FD
[27935.222052] [BB][REG][0]0x0884 = 0x601E0100
[27935.222053] [BB][REG][0]0x0804 = 0x601E00FF
[27935.222055] [BB][REG][0]0x0884 = 0x601E0102
[27935.222056] [BB][REG][0]0x7C6C = 0x000000F0
[27935.222057] [BB][REG][0]0x7C6C = 0x000000E0
[27935.222059] [BB][REG][0]0x7C6C = 0x000000D0
[27935.222060] [BB][REG][0]0x7C6C = 0x000000C0
[27935.222061] [BB][REG][0]0x7C6C = 0x000000B0
[27935.222063] [BB][REG][0]0x7C6C = 0x000000A0
[27935.222064] [BB][REG][0]0x7C6C = 0x00000090
[27935.222065] [BB][REG][0]0x7C6C = 0x00000080
[27935.222067] [BB][REG][0]0x7C6C = 0x00000070
[27935.222068] [BB][REG][0]0x7C6C = 0x00000060
[27935.222069] [BB][REG][0]0x7C6C = 0x00000050
[27935.222071] [BB][REG][0]0x7C6C = 0x00000040
[27935.222072] [BB][REG][0]0x7C6C = 0x00000030
[27935.222073] [BB][REG][0]0x7C6C = 0x00000020
[27935.222074] [BB][REG][0]0x7C6C = 0x00000010
[27935.222076] [BB][REG][0]0x7C6C = 0x00000000
[27935.222077] [BB][REG][0]0x7D6C = 0x000000F0
[27935.222078] [BB][REG][0]0x7D6C = 0x000000E0
[27935.222080] [BB][REG][0]0x7D6C = 0x000000D0
[27935.222081] [BB][REG][0]0x7D6C = 0x000000C0
[27935.222082] [BB][REG][0]0x7D6C = 0x000000B0
[27935.222084] [BB][REG][0]0x7D6C = 0x000000A0
[27935.222085] [BB][REG][0]0x7D6C = 0x00000090
[27935.222086] [BB][REG][0]0x7D6C = 0x00000080
[27935.222087] [BB][REG][0]0x7D6C = 0x00000070
[27935.222089] [BB][REG][0]0x7D6C = 0x00000060
[27935.222090] [BB][REG][0]0x7D6C = 0x00000050
[27935.222091] [BB][REG][0]0x7D6C = 0x00000040
[27935.222093] [BB][REG][0]0x7D6C = 0x00000030
[27935.222094] [BB][REG][0]0x7D6C = 0x00000020
[27935.222095] [BB][REG][0]0x7D6C = 0x00000010
[27935.222097] [BB][REG][0]0x7D6C = 0x00000000
[27935.222098] [BB][REG][0]0x7C64 = 0x080801FF
[27935.222099] [BB][REG][0]0x7D64 = 0x080801FF
[27935.222101] [BB][REG][0]0x0A60 = 0x017FFFF3
[27935.222102] [BB][REG][0]0x0A6C = 0x00000021
[27935.222103] [BB][REG][0]0x7CAC = 0x08000000
[27935.222105] [BB][REG][0]0x7DAC = 0x08000000
[27935.222106] [BB][REG][0]0x7C64 = 0x180801FF
[27935.222107] [BB][REG][0]0x7D64 = 0x180801FF
[27935.222108] [BB][REG][0]0x0A60 = 0x017FFFF3
[27935.222110] [BB][REG][0]0x0A60 = 0x017FFFFB
[27935.222111] [BB][REG][0]0x0AE0 = 0x013FFF0A
[27935.222113] [BB][REG][0]0x0A70 = 0x00000600
[27935.222114] [BB][REG][0]0x0A70 = 0x00000660
[27935.222115] [BB][REG][0]0x0A6C = 0x00000021
[27935.222117] [BB][REG][0]0x7CAC = 0x08000000
[27935.222118] [BB][REG][0]0x7DAC = 0x08000000
[27935.222119] [BB][REG][0]0x7C64 = 0x100801FF
[27935.222121] [BB][REG][0]0x7D64 = 0x100801FF
[27935.222122] [BB][REG][0]0x7C64 = 0x000801FF
[27935.222123] [BB][REG][0]0x7D64 = 0x000801FF
[27935.222125] [BB][REG][0]0x0804 = 0x601E01FF
[27935.222126] [BB][REG][0]0x0884 = 0x601E0102
[27935.222127] [BB][REG][0]0x7CD4 = 0x3401FE00
[27935.222129] [BB][REG][0]0x7DD4 = 0x3401FE00
[27935.222130] [BB][REG][0]0x7CF0 = 0x000401FF
[27935.222131] [BB][REG][0]0x7DF0 = 0x000401FF
[27935.222133] [BB][REG][0]0x7CF0 = 0x400401FF
[27935.222134] [BB][REG][0]0x7DF0 = 0x400401FF
[27935.222135] [BB][REG][0]0x4CA8 = 0x333378A5
[27935.222137] [BB][REG][0]0x4DA8 = 0x333378A5
[27935.222138] [BB][REG][0]0x7800 = 0x02748790
[27935.222139] [BB][REG][0]0x7804 = 0x00558670
[27935.222141] [BB][REG][0]0x7808 = 0x002883F0
[27935.222142] [BB][REG][0]0x780C = 0x00090120
[27935.222143] [BB][REG][0]0x7810 = 0x00000000
[27935.222145] [BB][REG][0]0x7814 = 0x06000000
[27935.222146] [BB][REG][0]0x7818 = 0x00000000
[27935.222147] [BB][REG][0]0x781C = 0x00000000
[27935.222148] [BB][REG][0]0x7820 = 0x03020100
[27935.222150] [BB][REG][0]0x7824 = 0x07060504
[27935.222151] [BB][REG][0]0x7828 = 0x0B0A0908
[27935.222152] [BB][REG][0]0x782C = 0x0F0E0D0C
[27935.222154] [BB][REG][0]0x7830 = 0x13121110
[27935.222155] [BB][REG][0]0x7834 = 0x17161514
[27935.222156] [BB][REG][0]0x7838 = 0x0C700022
[27935.222158] [BB][REG][0]0x783C = 0x0A05298F
[27935.222159] [BB][REG][0]0x7840 = 0x0005296E
[27935.222160] [BB][REG][0]0x7844 = 0x0006318A
[27935.222162] [BB][REG][0]0x7848 = 0xA006318A
[27935.222163] [BB][REG][0]0x784C = 0x80039CE7
[27935.222164] [BB][REG][0]0x7850 = 0x80039CE7
[27935.222166] [BB][REG][0]0x7854 = 0x0005298F
[27935.222167] [BB][REG][0]0x7858 = 0x0015296E
[27935.222168] [BB][REG][0]0x785C = 0x0C07FC31
[27935.222170] [BB][REG][0]0x7860 = 0x0299A6AE
[27935.222171] [BB][REG][0]0x7864 = 0xE4F624C3
[27935.222172] [BB][REG][0]0x7868 = 0x53626F15
[27935.222174] [BB][REG][0]0x786C = 0x48000000
[27935.222175] [BB][REG][0]0x7870 = 0x48000000
[27935.222176] [BB][REG][0]0x7874 = 0x034C0000
[27935.222178] [BB][REG][0]0x7878 = 0x202401B0
[27935.222179] [BB][REG][0]0x787C = 0x00F70016
[27935.222180] [BB][REG][0]0x7880 = 0x0F0A1111
[27935.222182] [BB][REG][0]0x7884 = 0x30C9000F
[27935.222183] [BB][REG][0]0x7888 = 0x0000EA02
[27935.222184] [BB][REG][0]0x788C = 0x003CB061
[27935.222186] [BB][REG][0]0x7890 = 0x69C00000
[27935.222187] [BB][REG][0]0x7894 = 0x00000000
[27935.222188] [BB][REG][0]0x7898 = 0x000000F0
[27935.222190] [BB][REG][0]0x789C = 0x0001FFFF
[27935.222191] [BB][REG][0]0x78A0 = 0x00C80064
[27935.222192] [BB][REG][0]0x78A4 = 0x0190012C
[27935.222194] [BB][REG][0]0x78A8 = 0x001917DE
[27935.222195] [BB][REG][0]0x78AC = 0x07308A00
[27935.222196] [BB][REG][0]0x78B0 = 0x000BF800
[27935.222198] [BB][REG][0]0x78B4 = 0x00057400
[27935.222199] [BB][REG][0]0x78B8 = 0x00000000
[27935.222200] [BB][REG][0]0x78BC = 0x00000000
[27935.222201] [BB][REG][0]0x78C0 = 0x00000000
[27935.222203] [BB][REG][0]0x78C4 = 0x00000000
[27935.222204] [BB][REG][0]0x78C8 = 0x00000000
[27935.222205] [BB][REG][0]0x78CC = 0x00000000
[27935.222207] [BB][REG][0]0x78D0 = 0x00000000
[27935.222208] [BB][REG][0]0x78D4 = 0x00000000
[27935.222209] [BB][REG][0]0x78D8 = 0x00000000
[27935.222210] [BB][REG][0]0x78DC = 0x00000000
[27935.222212] [BB][REG][0]0x78E0 = 0x00000000
[27935.222213] [BB][REG][0]0x78E4 = 0x00000000
[27935.222214] [BB][REG][0]0x78E8 = 0x00000000
[27935.222216] [BB][REG][0]0x78EC = 0x00000000
[27935.222217] [BB][REG][0]0x78F0 = 0x00000000
[27935.222218] [BB][REG][0]0x78F4 = 0x00000000
[27935.222220] [BB][REG][0]0x78F8 = 0x00000000
[27935.222221] [BB][REG][0]0x78FC = 0x00000000
[27935.222222] [BB][REG][0]0x0894 = 0x00000000
[27935.222223] [BB][REG][0]0x0898 = 0x13332333
[27935.222225] [BB][REG][0]0x0894 = 0x00010000
[27935.222226] [BB][REG][0]0x5000 = 0x00000000
[27935.222227] [BB][REG][0]0x5004 = 0xCA014000
[27935.222229] [BB][REG][0]0x5008 = 0xC751D4F0
[27935.222230] [BB][REG][0]0x500C = 0x44511475
[27935.222231] [BB][REG][0]0x5010 = 0x00000000
[27935.222233] [BB][REG][0]0x5014 = 0x00000000
[27935.222234] [BB][REG][0]0x5018 = 0x00000000
[27935.222235] [BB][REG][0]0x501C = 0x00000001
[27935.222237] [BB][REG][0]0x5020 = 0x8C30C30C
[27935.222238] [BB][REG][0]0x5024 = 0x4C30C30C
[27935.222239] [BB][REG][0]0x5028 = 0x0C30C30C
[27935.222241] [BB][REG][0]0x502C = 0x0C30C30C
[27935.222242] [BB][REG][0]0x5030 = 0x0C30C30C
[27935.222243] [BB][REG][0]0x5034 = 0x0C30C30C
[27935.222245] [BB][REG][0]0x5038 = 0x28A28A28
[27935.222246] [BB][REG][0]0x503C = 0x28A28A28
[27935.222247] [BB][REG][0]0x5040 = 0x28A28A28
[27935.222249] [BB][REG][0]0x5044 = 0x28A28A28
[27935.222250] [BB][REG][0]0x5048 = 0x28A28A28
[27935.222251] [BB][REG][0]0x504C = 0x28A28A28
[27935.222253] [BB][REG][0]0x5050 = 0x06666666
[27935.222254] [BB][REG][0]0x5054 = 0x33333333
[27935.222255] [BB][REG][0]0x5058 = 0x33333333
[27935.222257] [BB][REG][0]0x505C = 0x33333333
[27935.222258] [BB][REG][0]0x5060 = 0x00000031
[27935.222259] [BB][REG][0]0x5064 = 0x5100600A
[27935.222261] [BB][REG][0]0x5068 = 0x18363113
[27935.222262] [BB][REG][0]0x506C = 0x1D976DDC
[27935.222263] [BB][REG][0]0x5070 = 0x1C072DD7
[27935.222264] [BB][REG][0]0x5074 = 0x1127CDF4
[27935.222266] [BB][REG][0]0x5078 = 0x1E37BDF1
[27935.222267] [BB][REG][0]0x507C = 0x1FB7F1D6
[27935.222268] [BB][REG][0]0x5080 = 0x1EA7DDF9
[27935.222270] [BB][REG][0]0x5084 = 0x1FE445DD
[27935.222271] [BB][REG][0]0x5088 = 0x1F97F1FE
[27935.222272] [BB][REG][0]0x508C = 0x1FF781ED
[27935.222274] [BB][REG][0]0x5090 = 0x1FA7F5FE
[27935.222275] [BB][REG][0]0x5094 = 0x1E07B913
[27935.222276] [BB][REG][0]0x5098 = 0x1FD7FDFF
[27935.222278] [BB][REG][0]0x509C = 0x1E17B9FA
[27935.222279] [BB][REG][0]0x50A0 = 0x19A66914
[27935.222280] [BB][REG][0]0x50A4 = 0x10F65598
[27935.222282] [BB][REG][0]0x50A8 = 0x14A5A111
[27935.222283] [BB][REG][0]0x50AC = 0x1D3765DB
[27935.222284] [BB][REG][0]0x50B0 = 0x17C685CA
[27935.222286] [BB][REG][0]0x50B4 = 0x1107C5F3
[27935.222287] [BB][REG][0]0x50B8 = 0x1B5785EB
[27935.222288] [BB][REG][0]0x50BC = 0x1F97ED8F
[27935.222290] [BB][REG][0]0x50C0 = 0x1BC7A5F3
[27935.222291] [BB][REG][0]0x50C4 = 0x1FE43595
[27935.222292] [BB][REG][0]0x50C8 = 0x1EB7D9FC
[27935.222294] [BB][REG][0]0x50CC = 0x1FE65DBE
[27935.222295] [BB][REG][0]0x50D0 = 0x1EC7D9FC
[27935.222296] [BB][REG][0]0x50D4 = 0x1976FCFF
[27935.222298] [BB][REG][0]0x50D8 = 0x1F77F5FF
[27935.222299] [BB][REG][0]0x50DC = 0x1976FDEC
[27935.222300] [BB][REG][0]0x50E0 = 0x198664EF
[27935.222301] [BB][REG][0]0x50E4 = 0x11062D93
[27935.222303] [BB][REG][0]0x50E8 = 0x10C4E910
[27935.222304] [BB][REG][0]0x50EC = 0x1CA759DB
[27935.222305] [BB][REG][0]0x50F0 = 0x1335A9B5
[27935.222307] [BB][REG][0]0x50F4 = 0x1097B9F3
[27935.222308] [BB][REG][0]0x50F8 = 0x17B72DE1
[27935.222309] [BB][REG][0]0x50FC = 0x1F67ED42
[27935.222311] [BB][REG][0]0x5100 = 0x18074DE9
[27935.222312] [BB][REG][0]0x5104 = 0x1FD40547
[27935.222313] [BB][REG][0]0x5108 = 0x1D57ADF9
[27935.222315] [BB][REG][0]0x510C = 0x1FE52182
[27935.222316] [BB][REG][0]0x5110 = 0x1D67B1F9
[27935.222317] [BB][REG][0]0x5114 = 0x14860CE1
[27935.222319] [BB][REG][0]0x5118 = 0x1EC7E9FE
[27935.222320] [BB][REG][0]0x511C = 0x14860DD6
[27935.222321] [BB][REG][0]0x5120 = 0x195664C7
[27935.222323] [BB][REG][0]0x5124 = 0x0005E58A
[27935.222324] [BB][REG][0]0x5128 = 0x00000000
[27935.222325] [BB][REG][0]0x512C = 0x00000000
[27935.222327] [BB][REG][0]0x5130 = 0x7A000000
[27935.222328] [BB][REG][0]0x5134 = 0x0F9F3D7A
[27935.222329] [BB][REG][0]0x5138 = 0x0040817C
[27935.222331] [BB][REG][0]0x513C = 0x00E10204
[27935.222332] [BB][REG][0]0x5140 = 0x227D94CD
[27935.222333] [BB][REG][0]0x5144 = 0x084238E3
[27935.222335] [BB][REG][0]0x5148 = 0x00000010
[27935.222336] [BB][REG][0]0x514C = 0x0011A200
[27935.222337] [BB][REG][0]0x5150 = 0x0060B002
[27935.222339] [BB][REG][0]0x5154 = 0x9A8249A8
[27935.222340] [BB][REG][0]0x5158 = 0x26A1469E
[27935.222341] [BB][REG][0]0x515C = 0x2099A824
[27935.222343] [BB][REG][0]0x5160 = 0x2359461C
[27935.222344] [BB][REG][0]0x5164 = 0x1631A675
[27935.222345] [BB][REG][0]0x5168 = 0x2C6B1D63
[27935.222347] [BB][REG][0]0x516C = 0x0000000E
[27935.222348] [BB][REG][0]0x5170 = 0x00000001
[27935.222349] [BB][REG][0]0x5174 = 0x00000001
[27935.222351] [BB][REG][0]0x5178 = 0x00000000
[27935.222352] [BB][REG][0]0x517C = 0x0000000C
[27935.222353] [BB][REG][0]0x5180 = 0x00000000
[27935.222354] [BB][REG][0]0x5184 = 0x00000000
[27935.222356] [BB][REG][0]0x5188 = 0x0418317C
[27935.222357] [BB][REG][0]0x518C = 0x00D6135C
[27935.222358] [BB][REG][0]0x5190 = 0x00000000
[27935.222360] [BB][REG][0]0x5194 = 0x00000000
[27935.222361] [BB][REG][0]0x5198 = 0x00000000
[27935.222362] [BB][REG][0]0x519C = 0x00000000
[27935.222364] [BB][REG][0]0x51A0 = 0x00000000
[27935.222365] [BB][REG][0]0x51A4 = 0x00000000
[27935.222366] [BB][REG][0]0x51A8 = 0x00000000
[27935.222367] [BB][REG][0]0x51AC = 0x00000000
[27935.222369] [BB][REG][0]0x51B0 = 0x00000000
[27935.222370] [BB][REG][0]0x51B4 = 0xB4026000
[27935.222371] [BB][REG][0]0x51B8 = 0x00000960
[27935.222373] [BB][REG][0]0x51BC = 0x02024008
[27935.222374] [BB][REG][0]0x51C0 = 0x00000000
[27935.222375] [BB][REG][0]0x51C4 = 0x00000000
[27935.222377] [BB][REG][0]0x51C8 = 0x22CE803C
[27935.222378] [BB][REG][0]0x51CC = 0x32000000
[27935.222379] [BB][REG][0]0x51D0 = 0xBD67D67D
[27935.222381] [BB][REG][0]0x51D4 = 0x02AAAF59
[27935.222382] [BB][REG][0]0x51D8 = 0x00000000
[27935.222383] [BB][REG][0]0x51DC = 0x00000000
[27935.222385] [BB][REG][0]0x51E0 = 0x00000004
[27935.222386] [BB][REG][0]0x51E4 = 0x00000001
[27935.222387] [BB][REG][0]0x51E8 = 0x61861800
[27935.222389] [BB][REG][0]0x51EC = 0x830C30C3
[27935.222390] [BB][REG][0]0x51F0 = 0xC30C30C3
[27935.222391] [BB][REG][0]0x51F4 = 0x830C30C3
[27935.222393] [BB][REG][0]0x51F8 = 0x051450C3
[27935.222394] [BB][REG][0]0x51FC = 0x05145145
[27935.222395] [BB][REG][0]0x5200 = 0x05145145
[27935.222397] [BB][REG][0]0x5204 = 0x05145145
[27935.222398] [BB][REG][0]0x5208 = 0x0F0C3145
[27935.222399] [BB][REG][0]0x520C = 0x030C30CF
[27935.222400] [BB][REG][0]0x5210 = 0x030C30C3
[27935.222402] [BB][REG][0]0x5214 = 0x030CF3C3
[27935.222403] [BB][REG][0]0x5218 = 0x030C30C3
[27935.222404] [BB][REG][0]0x521C = 0x0F3CF3C3
[27935.222406] [BB][REG][0]0x5220 = 0x0F3CF3CF
[27935.222407] [BB][REG][0]0x5224 = 0x0F3CF3CF
[27935.222408] [BB][REG][0]0x5228 = 0x0F3CF3CF
[27935.222410] [BB][REG][0]0x522C = 0x0F3CF3CF
[27935.222411] [BB][REG][0]0x5230 = 0x030C10C3
[27935.222412] [BB][REG][0]0x5234 = 0x051430C3
[27935.222414] [BB][REG][0]0x5238 = 0x051490CB
[27935.222415] [BB][REG][0]0x523C = 0x030CD151
[27935.222416] [BB][REG][0]0x5240 = 0x050C50C7
[27935.222418] [BB][REG][0]0x5244 = 0x051492CB
[27935.222419] [BB][REG][0]0x5248 = 0x05145145
[27935.222420] [BB][REG][0]0x524C = 0x05145145
[27935.222422] [BB][REG][0]0x5250 = 0x05145145
[27935.222423] [BB][REG][0]0x5254 = 0x05145145
[27935.222424] [BB][REG][0]0x5258 = 0x090CD3CF
[27935.222426] [BB][REG][0]0x525C = 0x071491C5
[27935.222427] [BB][REG][0]0x5260 = 0x073CF143
[27935.222428] [BB][REG][0]0x5264 = 0x071431C3
[27935.222429] [BB][REG][0]0x5268 = 0x0F3CF1C5
[27935.222431] [BB][REG][0]0x526C = 0x0F3CF3CF
[27935.222432] [BB][REG][0]0x5270 = 0x0F3CF3CF
[27935.222433] [BB][REG][0]0x5274 = 0x0F3CF3CF
[27935.222435] [BB][REG][0]0x5278 = 0x0F3CF3CF
[27935.222436] [BB][REG][0]0x527C = 0x090C91CF
[27935.222437] [BB][REG][0]0x5280 = 0x11243143
[27935.222439] [BB][REG][0]0x5284 = 0x9777A777
[27935.222440] [BB][REG][0]0x5288 = 0xBB7BAC95
[27935.222441] [BB][REG][0]0x528C = 0xB667B889
[27935.222443] [BB][REG][0]0x5290 = 0x7B9B8899
[27935.222444] [BB][REG][0]0x5294 = 0x7A5567C8
[27935.222445] [BB][REG][0]0x5298 = 0x2278CCCC
[27935.222447] [BB][REG][0]0x529C = 0x00037C22
[27935.222448] [BB][REG][0]0x52A0 = 0x001CCCCC
[27935.222449] [BB][REG][0]0x52A4 = 0x00000000
[27935.222451] [BB][REG][0]0x52A8 = 0x00000008
[27935.222452] [BB][REG][0]0x52AC = 0x00000000
[27935.222453] [BB][REG][0]0x52B0 = 0x00000000
[27935.222455] [BB][REG][0]0x52B4 = 0x00000000
[27935.222456] [BB][REG][0]0x52B8 = 0x10000000
[27935.222457] [BB][REG][0]0x52BC = 0x00401001
[27935.222459] [BB][REG][0]0x52C0 = 0x00061003
[27935.222460] [BB][REG][0]0x52C4 = 0x000024D8
[27935.222461] [BB][REG][0]0x52C8 = 0x10000020
[27935.222463] [BB][REG][0]0x52CC = 0x20000200
[27935.222464] [BB][REG][0]0x52D0 = 0x00000000
[27935.222465] [BB][REG][0]0x52D4 = 0x04000000
[27935.222467] [BB][REG][0]0x52D8 = 0x44000100
[27935.222468] [BB][REG][0]0x52DC = 0x60804060
[27935.222469] [BB][REG][0]0x52E0 = 0x44204210
[27935.222470] [BB][REG][0]0x52E4 = 0x82108082
[27935.222472] [BB][REG][0]0x52E8 = 0x82108402
[27935.222473] [BB][REG][0]0x52EC = 0xC8082108
[27935.222474] [BB][REG][0]0x52F0 = 0x48202084
[27935.222476] [BB][REG][0]0x52F4 = 0x44208208
[27935.222477] [BB][REG][0]0x52F8 = 0x84108204
[27935.222478] [BB][REG][0]0x52FC = 0xD0108104
[27935.222480] [BB][REG][0]0x5300 = 0xF8210108
[27935.222481] [BB][REG][0]0x5304 = 0x6431E930
[27935.222482] [BB][REG][0]0x5308 = 0x02109468
[27935.222484] [BB][REG][0]0x530C = 0x10C61C22
[27935.222485] [BB][REG][0]0x5310 = 0x02109469
[27935.222486] [BB][REG][0]0x5314 = 0x10C61C22
[27935.222488] [BB][REG][0]0x5318 = 0x00041049
[27935.222489] [BB][REG][0]0x531C = 0x00000000
[27935.222490] [BB][REG][0]0x5320 = 0x00000000
[27935.222492] [BB][REG][0]0x5324 = 0xA0000000
[27935.222493] [BB][REG][0]0x5328 = 0x00204000
[27935.222494] [BB][REG][0]0x532C = 0x00000000
[27935.222495] [BB][REG][0]0x5330 = 0x00000000
[27935.222497] [BB][REG][0]0x5334 = 0x00000000
[27935.222498] [BB][REG][0]0x5338 = 0x00000000
[27935.222499] [BB][REG][0]0x533C = 0x19064320
[27935.222501] [BB][REG][0]0x5340 = 0xA80668A0
[27935.222502] [BB][REG][0]0x5344 = 0x60900820
[27935.222503] [BB][REG][0]0x5348 = 0xA108598C
[27935.222505] [BB][REG][0]0x534C = 0x32488A62
[27935.222506] [BB][REG][0]0x5350 = 0x9C6E36DC
[27935.222507] [BB][REG][0]0x5354 = 0x0000B50B
[27935.222509] [BB][REG][0]0x5358 = 0x00000000
[27935.222510] [BB][REG][0]0x535C = 0x0801442E
[27935.222511] [BB][REG][0]0x5360 = 0x000120B8
[27935.222513] [BB][REG][0]0x5364 = 0x00000000
[27935.222514] [BB][REG][0]0x5368 = 0x00000000
[27935.222515] [BB][REG][0]0x536C = 0x00000000
[27935.222517] [BB][REG][0]0x5370 = 0x00000000
[27935.222518] [BB][REG][0]0x5374 = 0x00000000
[27935.222519] [BB][REG][0]0x5378 = 0xEA0A6040
[27935.222521] [BB][REG][0]0x537C = 0xFA0A6829
[27935.222522] [BB][REG][0]0x5380 = 0x00000007
[27935.222523] [BB][REG][0]0x5384 = 0x00000000
[27935.222524] [BB][REG][0]0x5388 = 0x80000000
[27935.222526] [BB][REG][0]0x538C = 0x10000000
[27935.222527] [BB][REG][0]0x5390 = 0xA0000000
[27935.222528] [BB][REG][0]0x5394 = 0x0000001E
[27935.222530] [BB][REG][0]0x5398 = 0x0000C614
[27935.222531] [BB][REG][0]0x539C = 0x00000001
[27935.222532] [BB][REG][0]0x53A0 = 0x00000001
[27935.222534] [BB][REG][0]0x53A4 = 0x00000000
[27935.222535] [BB][REG][0]0x53A8 = 0x00000000
[27935.222536] [BB][REG][0]0x53AC = 0x00000000
[27935.222538] [BB][REG][0]0x53B0 = 0x00000000
[27935.222539] [BB][REG][0]0x53B4 = 0x00000000
[27935.222540] [BB][REG][0]0x53B8 = 0x00000000
[27935.222541] [BB][REG][0]0x53BC = 0x00000000
[27935.222543] [BB][REG][0]0x53C0 = 0x00000000
[27935.222544] [BB][REG][0]0x53C4 = 0x00000000
[27935.222545] [BB][REG][0]0x53C8 = 0x00000000
[27935.222547] [BB][REG][0]0x53CC = 0x00000000
[27935.222548] [BB][REG][0]0x53D0 = 0x00000000
[27935.222549] [BB][REG][0]0x53D4 = 0x00000000
[27935.222550] [BB][REG][0]0x53D8 = 0x00000000
[27935.222552] [BB][REG][0]0x53DC = 0x00000000
[27935.222553] [BB][REG][0]0x53E0 = 0x00000000
[27935.222554] [BB][REG][0]0x53E4 = 0x00000000
[27935.222556] [BB][REG][0]0x53E8 = 0x00000000
[27935.222557] [BB][REG][0]0x53EC = 0x00000000
[27935.222558] [BB][REG][0]0x53F0 = 0x00000000
[27935.222560] [BB][REG][0]0x53F4 = 0x00000000
[27935.222561] [BB][REG][0]0x53F8 = 0x00000000
[27935.222562] [BB][REG][0]0x53FC = 0x00000000
[27935.222563] [BB][REG][0]0x5400 = 0x00000000
[27935.222565] [BB][REG][0]0x5404 = 0x00000000
[27935.222566] [BB][REG][0]0x5408 = 0x00000000
[27935.222567] [BB][REG][0]0x540C = 0x00000000
[27935.222569] [BB][REG][0]0x5410 = 0x00000000
[27935.222570] [BB][REG][0]0x5414 = 0x00000000
[27935.222571] [BB][REG][0]0x5418 = 0x00000000
[27935.222572] [BB][REG][0]0x541C = 0x00000000
[27935.222574] [BB][REG][0]0x5420 = 0x00000000
[27935.222575] [BB][REG][0]0x5424 = 0x4E020F01
[27935.222576] [BB][REG][0]0x5428 = 0x00000168
[27935.222578] [BB][REG][0]0x542C = 0x000000FF
[27935.222579] [BB][REG][0]0x5430 = 0x00000000
[27935.222580] [BB][REG][0]0x5434 = 0x00000000
[27935.222582] [BB][REG][0]0x5438 = 0x00000000
[27935.222583] [BB][REG][0]0x543C = 0x00000000
[27935.222584] [BB][REG][0]0x5440 = 0x00000000
[27935.222586] [BB][REG][0]0x5444 = 0x00000000
[27935.222587] [BB][REG][0]0x5448 = 0x00000000
[27935.222588] [BB][REG][0]0x544C = 0x00000000
[27935.222589] [BB][REG][0]0x5450 = 0x00000000
[27935.222591] [BB][REG][0]0x5454 = 0x4060003D
[27935.222592] [BB][REG][0]0x5458 = 0x40000000
[27935.222593] [BB][REG][0]0x545C = 0x00000000
[27935.222595] [BB][REG][0]0x5460 = 0x00000000
[27935.222596] [BB][REG][0]0x5464 = 0x00800006
[27935.222597] [BB][REG][0]0x5468 = 0x00011230
[27935.222599] [BB][REG][0]0x546C = 0x0002036B
[27935.222600] [BB][REG][0]0x5470 = 0x00001640
[27935.222601] [BB][REG][0]0x5474 = 0x00000000
[27935.222603] [BB][REG][0]0x5478 = 0x000000F0
[27935.222604] [BB][REG][0]0x547C = 0x20000000
[27935.222605] [BB][REG][0]0x5480 = 0x00000005
[27935.222607] [BB][REG][0]0x5484 = 0x02800000
[27935.222608] [BB][REG][0]0x5488 = 0xE0000800
[27935.222609] [BB][REG][0]0x548C = 0x03FC0000
[27935.222611] [BB][REG][0]0x5490 = 0x00000001
[27935.222612] [BB][REG][0]0x5494 = 0x00000000
[27935.222613] [BB][REG][0]0x5498 = 0x00000300
[27935.222615] [BB][REG][0]0x549C = 0x00500000
[27935.222616] [BB][REG][0]0x54A0 = 0xC0000000
[27935.222617] [BB][REG][0]0x54A4 = 0x00109200
[27935.222618] [BB][REG][0]0x54A8 = 0x00000010
[27935.222620] [BB][REG][0]0x54AC = 0x00000000
[27935.222621] [BB][REG][0]0x54B0 = 0x00F20006
[27935.222622] [BB][REG][0]0x54B4 = 0x000000E9
[27935.222624] [BB][REG][0]0x54B8 = 0x00000000
[27935.222625] [BB][REG][0]0x54BC = 0x00000000
[27935.222626] [BB][REG][0]0x54C0 = 0x000CE000
[27935.222628] [BB][REG][0]0x54C4 = 0x0007E0AB
[27935.222629] [BB][REG][0]0x54C8 = 0x00024051
[27935.222630] [BB][REG][0]0x54CC = 0x00000012
[27935.222632] [BB][REG][0]0x54D0 = 0x00000000
[27935.222633] [BB][REG][0]0x54D4 = 0x1212100B
[27935.222634] [BB][REG][0]0x54D8 = 0x00000006
[27935.222636] [BB][REG][0]0x54DC = 0x00000000
[27935.222637] [BB][REG][0]0x54E0 = 0x00000872
[27935.222638] [BB][REG][0]0x54E4 = 0x00000003
[27935.222639] [BB][REG][0]0x54E8 = 0x000003D9
[27935.222641] [BB][REG][0]0x54EC = 0x00000000
[27935.222642] [BB][REG][0]0x54F0 = 0x00000001
[27935.222643] [BB][REG][0]0x54F4 = 0x25294992
[27935.222645] [BB][REG][0]0x54F8 = 0x1CE62A52
[27935.222646] [BB][REG][0]0x54FC = 0x1CF739CE
[27935.222647] [BB][REG][0]0x5500 = 0x5CE739CE
[27935.222649] [BB][REG][0]0x5504 = 0x0002908E
[27935.222650] [BB][REG][0]0x5508 = 0x00000001
[27935.222651] [BB][REG][0]0x550C = 0x00000037
[27935.222653] [BB][REG][0]0x5510 = 0x000000A8
[27935.222654] [BB][REG][0]0x5514 = 0x00000004
[27935.222655] [BB][REG][0]0x5698 = 0xE02103FE
[27935.222657] [BB][REG][0]0x569C = 0xB20A7B28
[27935.222658] [BB][REG][0]0x56A0 = 0xC6A7B14F
[27935.222659] [BB][REG][0]0x56A4 = 0x0000003B
[27935.222661] [BB][REG][0]0x56A8 = 0x009B902A
[27935.222662] [BB][REG][0]0x56AC = 0x009B902A
[27935.222663] [BB][REG][0]0x56B0 = 0x98682C18
[27935.222665] [BB][REG][0]0x56B4 = 0x6308C4C1
[27935.222666] [BB][REG][0]0x56B8 = 0x6248C631
[27935.222667] [BB][REG][0]0x56BC = 0x922A8253
[27935.222669] [BB][REG][0]0x56C0 = 0x00000005
[27935.222670] [BB][REG][0]0x56C4 = 0x00001759
[27935.222671] [BB][REG][0]0x56C8 = 0x4B802000
[27935.222672] [BB][REG][0]0x56CC = 0x831408BE
[27935.222674] [BB][REG][0]0x56D0 = 0x9898A8BB
[27935.222675] [BB][REG][0]0x56D4 = 0x54535368
[27935.222676] [BB][REG][0]0x56D8 = 0x999999B3
[27935.222678] [BB][REG][0]0x56DC = 0x35555589
[27935.222679] [BB][REG][0]0x56E0 = 0x00000F45
[27935.222680] [BB][REG][0]0x56E4 = 0x27039CE9
[27935.222682] [BB][REG][0]0x56E8 = 0x31313432
[27935.222683] [BB][REG][0]0x56EC = 0x64658342
[27935.222684] [BB][REG][0]0x56F0 = 0x00000005
[27935.222686] [BB][REG][0]0x56F4 = 0x00000005
[27935.222687] [BB][REG][0]0x56F8 = 0xC7013016
[27935.222688] [BB][REG][0]0x56FC = 0x84413016
[27935.222690] [BB][REG][0]0x5700 = 0x84413016
[27935.222691] [BB][REG][0]0x5704 = 0x8C413016
[27935.222692] [BB][REG][0]0x5708 = 0x8C40B028
[27935.222694] [BB][REG][0]0x570C = 0x3140B028
[27935.222695] [BB][REG][0]0x5710 = 0x2940B028
[27935.222696] [BB][REG][0]0x5714 = 0x8440B028
[27935.222698] [BB][REG][0]0x5718 = 0x2318C610
[27935.222699] [BB][REG][0]0x571C = 0x45334753
[27935.222700] [BB][REG][0]0x5720 = 0x236A6A88
[27935.222701] [BB][REG][0]0x5724 = 0x576DF814
[27935.222703] [BB][REG][0]0x5728 = 0xA08877AC
[27935.222704] [BB][REG][0]0x572C = 0x0000007A
[27935.222705] [BB][REG][0]0x5730 = 0xBCEB4A14
[27935.222707] [BB][REG][0]0x5734 = 0x000A3A4A
[27935.222708] [BB][REG][0]0x5738 = 0xBCEB4A14
[27935.222709] [BB][REG][0]0x573C = 0x000A3A4A
[27935.222711] [BB][REG][0]0x5740 = 0x9A8A8A97
[27935.222712] [BB][REG][0]0x5744 = 0x0CA3B99A
[27935.222713] [BB][REG][0]0x5748 = 0x38384242
[27935.222715] [BB][REG][0]0x574C = 0x0086402E
[27935.222716] [BB][REG][0]0x5750 = 0x06E066AA
[27935.222717] [BB][REG][0]0x5754 = 0x00008A62
[27935.222719] [BB][REG][0]0x5758 = 0x00000008
[27935.222720] [BB][REG][0]0x575C = 0x009B902A
[27935.222721] [BB][REG][0]0x5760 = 0x009B902A
[27935.222723] [BB][REG][0]0x5764 = 0x98682C18
[27935.222724] [BB][REG][0]0x5768 = 0x6308C4C1
[27935.222725] [BB][REG][0]0x576C = 0x6248C631
[27935.222727] [BB][REG][0]0x5770 = 0x922A8253
[27935.222728] [BB][REG][0]0x5774 = 0x00000005
[27935.222729] [BB][REG][0]0x5778 = 0x00001759
[27935.222731] [BB][REG][0]0x577C = 0x4B802000
[27935.222732] [BB][REG][0]0x5780 = 0x831408BE
[27935.222733] [BB][REG][0]0x5784 = 0x9898A8BB
[27935.222735] [BB][REG][0]0x5788 = 0x54535368
[27935.222736] [BB][REG][0]0x578C = 0x999999B3
[27935.222737] [BB][REG][0]0x5790 = 0x35555589
[27935.222739] [BB][REG][0]0x5794 = 0x00000745
[27935.222740] [BB][REG][0]0x5798 = 0x27039CE9
[27935.222741] [BB][REG][0]0x579C = 0x31313432
[27935.222743] [BB][REG][0]0x57A0 = 0x64658342
[27935.222744] [BB][REG][0]0x57A4 = 0x00000005
[27935.222745] [BB][REG][0]0x57A8 = 0x00000005
[27935.222746] [BB][REG][0]0x57AC = 0xC7013016
[27935.222748] [BB][REG][0]0x57B0 = 0x84413016
[27935.222749] [BB][REG][0]0x57B4 = 0x84413016
[27935.222750] [BB][REG][0]0x57B8 = 0x8C413016
[27935.222752] [BB][REG][0]0x57BC = 0x8C40B028
[27935.222753] [BB][REG][0]0x57C0 = 0x3140B028
[27935.222754] [BB][REG][0]0x57C4 = 0x2940B028
[27935.222756] [BB][REG][0]0x57C8 = 0x8440B028
[27935.222757] [BB][REG][0]0x57CC = 0x2318C610
[27935.222758] [BB][REG][0]0x57D0 = 0x45334753
[27935.222760] [BB][REG][0]0x57D4 = 0x236A6A88
[27935.222761] [BB][REG][0]0x57D8 = 0x576DF814
[27935.222762] [BB][REG][0]0x57DC = 0xA08877AC
[27935.222764] [BB][REG][0]0x57E0 = 0x0000007A
[27935.222765] [BB][REG][0]0x57E4 = 0xBCEB4A14
[27935.222766] [BB][REG][0]0x57E8 = 0x000A3A4A
[27935.222768] [BB][REG][0]0x57EC = 0xBCEB4A14
[27935.222769] [BB][REG][0]0x57F0 = 0x000A3A4A
[27935.222770] [BB][REG][0]0x57F4 = 0x9A8A8A97
[27935.222772] [BB][REG][0]0x57F8 = 0x0CA3B99A
[27935.222773] [BB][REG][0]0x57FC = 0x38384242
[27935.222774] [BB][REG][0]0x5800 = 0x0086402E
[27935.222776] [BB][REG][0]0x5804 = 0x06E066AA
[27935.222777] [BB][REG][0]0x5808 = 0x00008A62
[27935.222778] [BB][REG][0]0x580C = 0x00000008
[27935.222779] [BB][REG][0]0x5810 = 0x80040000
[27935.222781] [BB][REG][0]0x5814 = 0x80040000
[27935.222782] [BB][REG][0]0x5818 = 0xFE800000
[27935.222783] [BB][REG][0]0x581C = 0x834C0000
[27935.222785] [BB][REG][0]0x5820 = 0x00000000
[27935.222786] [BB][REG][0]0x5824 = 0x00000000
[27935.222787] [BB][REG][0]0x5828 = 0x00000000
[27935.222789] [BB][REG][0]0x582C = 0x00000000
[27935.222790] [BB][REG][0]0x5830 = 0x00000000
[27935.222791] [BB][REG][0]0x5834 = 0x00000000
[27935.222793] [BB][REG][0]0x5838 = 0x00000000
[27935.222794] [BB][REG][0]0x583C = 0x00000000
[27935.222795] [BB][REG][0]0x5840 = 0x00000000
[27935.222796] [BB][REG][0]0x5844 = 0x00000000
[27935.222798] [BB][REG][0]0x5848 = 0x00000000
[27935.222799] [BB][REG][0]0x584C = 0x04065800
[27935.222800] [BB][REG][0]0x5850 = 0x12010080
[27935.222802] [BB][REG][0]0x5854 = 0x0E1E3E05
[27935.222803] [BB][REG][0]0x5858 = 0x0A163068
[27935.222804] [BB][REG][0]0x585C = 0x00206040
[27935.222806] [BB][REG][0]0x5860 = 0x02020202
[27935.222807] [BB][REG][0]0x5864 = 0x0FBF6020
[27935.222808] [BB][REG][0]0x5868 = 0x011F7EFC
[27935.222810] [BB][REG][0]0x586C = 0x0FBF3EFD
[27935.222811] [BB][REG][0]0x5870 = 0x0000007D
[27935.222812] [BB][REG][0]0x5878 = 0x8008962D
[27935.222814] [BB][REG][0]0x587C = 0x00000102
[27935.222815] [BB][REG][0]0x5880 = 0x00000000
[27935.222816] [BB][REG][0]0x5884 = 0x00000000
[27935.222818] [BB][REG][0]0x5888 = 0x00000000
[27935.222819] [BB][REG][0]0x588C = 0x00000000
[27935.222820] [BB][REG][0]0x5890 = 0x00000000
[27935.222821] [BB][REG][0]0x5894 = 0x00000000
[27935.222823] [BB][REG][0]0x5898 = 0x00000000
[27935.222824] [BB][REG][0]0x589C = 0x00000000
[27935.222825] [BB][REG][0]0x58A0 = 0x00000000
[27935.222827] [BB][REG][0]0x58A4 = 0x00000000
[27935.222828] [BB][REG][0]0x0ABC = 0xA840E1BF
[27935.222829] [BB][REG][0]0x0AC0 = 0x00000000
[27935.222831] [BB][REG][0]0x0AC4 = 0x00000007
[27935.222832] [BB][REG][0]0x0AC8 = 0x410E4000
[27935.222833] [BB][REG][0]0x0AD4 = 0x1001436E
[27935.222835] [BB][REG][0]0x0AD8 = 0x41000000
[27935.222836] [BB][REG][0]0x08B0 = 0x00000002
[27935.222837] [BB][REG][0]0x0AE0 = 0x017FFFF2
[27935.222839] [BB][REG][0]0x0AE4 = 0x0010A130
[27935.222840] [BB][REG][0]0x0AE4 = 0x0010A130
[27935.222841] [BB][REG][0]0x0AE8 = 0x000000FF
[27935.222843] [BB][REG][0]0x0AE4 = 0x0010A130
[27935.222844] [BB][REG][0]0x0AD4 = 0x1001436E
[27935.222845] [BB][REG][0]0x0AEC = 0x00000020
[27935.222846] [BB][REG][0]0x0888 = 0x00000000
[27935.222848] [BB][REG][0]0x0AEC = 0x00000020
[27935.222849] [BB][REG][0]0x0F84 = 0x0043F01D
[27935.222850] [BB][REG][0]0x4640 = 0x76582BF7
[27935.222852] [BB][REG][0]0x4644 = 0x00104630
[27935.222853] [BB][REG][0]0x4648 = 0x0000FFFC
[27935.222854] [BB][REG][0]0x464C = 0x00000000
[27935.222856] [BB][REG][0]0x4650 = 0x00000000
[27935.222857] [BB][REG][0]0x4654 = 0x00000035
[27935.222858] [BB][REG][0]0x4658 = 0x00000000
[27935.222860] [BB][REG][0]0x465C = 0x00000000
[27935.222861] [BB][REG][0]0x4660 = 0x00000000
[27935.222862] [BB][REG][0]0x4664 = 0x00000000
[27935.222864] [BB][REG][0]0x4670 = 0x00000000
[27935.222865] [BB][REG][0]0x4690 = 0x000003FF
[27935.222866] [BB][REG][0]0x4694 = 0x00000000
[27935.222867] [BB][REG][0]0x4698 = 0x0000003F
[27935.222869] [BB][REG][0]0x469C = 0x00000000
[27935.222870] [BB][REG][0]0x46A0 = 0x00000000
[27935.222871] [BB][REG][0]0x46A4 = 0x00000000
[27935.222873] [BB][REG][0]0x46A8 = 0x00000000
[27935.222874] [BB][REG][0]0x46AC = 0x00000000
[27935.222875] [BB][REG][0]0x4600 = 0x77777777
[27935.222877] [BB][REG][0]0x4604 = 0x99999999
[27935.222878] [BB][REG][0]0x4608 = 0x99999999
[27935.222879] [BB][REG][0]0x460C = 0x00000070
[27935.222881] [BB][REG][0]0x4610 = 0x20110900
[27935.222882] [BB][REG][0]0x4510 = 0x20110FFF
[27935.222883] [BB][REG][0]0x467C = 0x001C0408
[27935.222885] [BB][REG][0]0x4684 = 0x00000007
[27935.222886] [BB][REG][0]0x4618 = 0x50009C00
[27935.222887] [BB][REG][0]0x4680 = 0x00000100
[27935.222889] [BB][REG][0]0x0894 = 0x0001004F
[27935.222890] [BB][REG][0]0x0884 = 0x601E0100
[27935.222891] [BB][REG][0]0x0890 = 0xEF810000
[27935.222893] [BB][REG][0]0x0880 = 0x00000030
[27935.222894] [BB][REG][0]0x0338 = 0x00000001
[27935.222895] [BB][REG][0]0x7860 = 0x0219A6AE
[27935.222897] [BB][REG][0]0x78B0 = 0x0003F800
[27935.222898] [BB][REG][0]0x7888 = 0x0400EA02
[27935.222899] [BB][REG][0]0x0B00 = 0xF30CE31C
[27935.222901] [BB][REG][0]0x0B04 = 0x0CEF1F33
[27935.222902] [BB][REG][0]0x0B08 = 0x0C0C0C0C
[27935.222903] [BB][REG][0]0x0B0C = 0x0C0C0C0C
[27935.222905] [BB][REG][0]0x0B10 = 0x80016000
[27935.222906] [BB][REG][0]0x0B14 = 0x0001E000
[27935.222907] [BB][REG][0]0x0B18 = 0x20022002
[27935.222909] [BB][REG][0]0x0B1C = 0xE0008001
[27935.222910] [BB][REG][0]0x0B20 = 0xE000E000
[27935.222911] [BB][REG][0]0x0B24 = 0xE000E000
[27935.222913] [BB][REG][0]0x0B28 = 0xE000E000
[27935.222914] [BB][REG][0]0x0B2C = 0xE000E000
[27935.222915] [BB][REG][0]0x4CBC = 0x10104041
[27935.222917] [BB][REG][0]0x4CC0 = 0x14411111
[27935.222918] [BB][REG][0]0x4DBC = 0x10104041
[27935.222919] [BB][REG][0]0x4DC0 = 0x14411111
[27935.222921] [BB][REG][0]0x0020 = 0x00000001
[27935.222922] [BB][REG][0]0x0024 = 0x00000014
[27935.222923] [BB][REG][0]0x0028 = 0x20200401
