[37516.607410] [RF][RF_a] 00000005 00000001
[37516.607417] [RF][RF_a] 00000000 00030000
[37516.607422] [RF][RF_a] 00000018 00011124
[37516.607427] [RF][RF_a] 00000000 00033C00
[37516.607431] [RF][RF_a] 0000001A 00040004
[37516.666817] [RF][RF_a] 000000FE 00000000
[37516.666834] [RF][RF_a] 0000001B 00003A40
[37516.666839] [RF][RF_a] 00000054 0001B424
[37516.666844] [RF][RF_a] 00000055 00080000
[37516.666849] [RF][RF_a] 00000056 0008FFF0
[37516.666853] [RF][RF_a] 00000057 0000C485
[37516.666858] [RF][RF_a] 00000058 000A4164
[37516.666862] [RF][RF_a] 00000059 00010000
[37516.666867] [RF][RF_a] 0000005A 00060000
[37516.666872] [RF][RF_a] 0000005B 0000A000
[37516.666876] [RF][RF_a] 0000005C 00000000
[37516.666881] [RF][RF_a] 0000005D 0001C013
[37516.666885] [RF][RF_a] 0000005E 00000000
[37516.666890] [RF][RF_a] 0000005F 00001FF0
[37516.666894] [RF][RF_a] 00000060 00011000
[37516.666899] [RF][RF_a] 00000061 0009E373
[37516.666903] [RF][RF_a] 00000062 0009633B
[37516.666908] [RF][RF_a] 00000063 00086002
[37516.666913] [RF][RF_a] 00000064 000C8A90
[37516.666917] [RF][RF_a] 00000065 0003CD02
[37516.666922] [RF][RF_a] 00000066 00020000
[37516.666926] [RF][RF_a] 00000067 00000000
[37516.666931] [RF][RF_a] 00000068 00000000
[37516.666935] [RF][RF_a] 00000069 00030F0A
[37516.666940] [RF][RF_a] 0000006A 00000000
[37516.666944] [RF][RF_a] 00000051 000AD6A4
[37516.666949] [RF][RF_a] 00000052 00091345
[37516.666953] [RF][RF_a] 00000053 00080081
[37516.666958] [RF][RF_a] 00000054 0007BC24
[37516.666962] [RF][RF_a] 00000043 00005000
[37516.666967] [RF][RF_a] 000000DD 000013A0
[37516.666971] [RF][RF_a] 000000B0 000E6700
[37516.666976] [RF][RF_a] 000000AF 0003F82E
[37516.666980] [RF][RF_a] 000000B2 000210A7
[37516.666985] [RF][RF_a] 000000B1 0006DFFF
[37516.666989] [RF][RF_a] 000000BB 000C7A00
[37516.666994] [RF][RF_a] 000000B3 00073F7A
[37516.666999] [RF][RF_a] 000000B7 00000A0E
[37516.667003] [RF][RF_a] 000000A0 0000004F
[37516.667008] [RF][RF_a] 000000B4 0007C03E
[37516.667012] [RF][RF_a] 000000B5 0007E301
[37516.667017] [RF][RF_a] 000000B6 00080800
[37516.667021] [RF][RF_a] 000000CA 00002000
[37516.667026] [RF][RF_a] 000000DD 000003A0
[37516.667030] [RF][RF_a] 000000A1 0006F300
[37516.667035] [RF][RF_a] 000000A2 00080500
[37516.667039] [RF][RF_a] 000000A3 0008050B
[37516.667044] [RF][RF_a] 000000A4 0006DB12
[37516.667048] [RF][RF_a] 000000A5 00000000
[37516.667053] [RF][RF_a] 000000A6 00000000
[37516.667057] [RF][RF_a] 000000A7 00000000
[37516.667062] [RF][RF_a] 000000A8 00000000
[37516.667066] [RF][RF_a] 000000A9 00000000
[37516.667071] [RF][RF_a] 000000AA 00000000
[37516.667075] [RF][RF_a] 000000CC 00080000
[37516.667080] [RF][RF_a] 000000A5 000B0000
[37516.667085] [RF][RF_a] 000000ED 00008000
[37516.667089] [RF][RF_a] 00000033 00000000
[37516.667094] [RF][RF_a] 0000003E 00008000
[37516.667098] [RF][RF_a] 0000003F 000E1333
[37516.667103] [RF][RF_a] 00000033 00000001
[37516.667107] [RF][RF_a] 0000003E 00008000
[37516.667112] [RF][RF_a] 0000003F 000E7333
[37516.667116] [RF][RF_a] 00000033 00000002
[37516.667121] [RF][RF_a] 0000003E 00008000
[37516.667125] [RF][RF_a] 0000003F 000FA000
[37516.667130] [RF][RF_a] 00000033 00000003
[37516.667134] [RF][RF_a] 0000003E 00004000
[37516.667139] [RF][RF_a] 0000003F 000FA400
[37516.667143] [RF][RF_a] 00000033 00000004
[37516.667148] [RF][RF_a] 0000003E 00004000
[37516.667152] [RF][RF_a] 0000003F 000F5000
[37516.667157] [RF][RF_a] 00000033 00000005
[37516.667161] [RF][RF_a] 0000003E 00004001
[37516.667166] [RF][RF_a] 0000003F 00029400
[37516.667170] [RF][RF_a] 00000033 00000006
[37516.667175] [RF][RF_a] 0000003E 0000AAA1
[37516.667180] [RF][RF_a] 0000003F 00041999
[37516.667184] [RF][RF_a] 00000033 00000007
[37516.667189] [RF][RF_a] 0000003E 0000AAA1
[37516.667193] [RF][RF_a] 0000003F 00034444
[37516.667198] [RF][RF_a] 00000033 00000008
[37516.667202] [RF][RF_a] 0000003E 0000AAA1
[37516.667207] [RF][RF_a] 0000003F 0004D555
[37516.667211] [RF][RF_a] 00000033 00000009
[37516.667216] [RF][RF_a] 0000003E 00005551
[37516.667220] [RF][RF_a] 0000003F 00046AAA
[37516.667225] [RF][RF_a] 00000033 0000000A
[37516.667229] [RF][RF_a] 0000003E 00005551
[37516.667234] [RF][RF_a] 0000003F 00046AAA
[37516.667238] [RF][RF_a] 00000033 0000000B
[37516.667243] [RF][RF_a] 0000003E 00005551
[37516.667247] [RF][RF_a] 0000003F 0008C555
[37516.667252] [RF][RF_a] 00000033 0000000C
[37516.667256] [RF][RF_a] 0000003E 0000CCC1
[37516.667261] [RF][RF_a] 0000003F 00081EB8
[37516.667265] [RF][RF_a] 00000033 0000000D
[37516.667270] [RF][RF_a] 0000003E 0000CCC1
[37516.667274] [RF][RF_a] 0000003F 00071EB8
[37516.667279] [RF][RF_a] 00000033 0000000E
[37516.667283] [RF][RF_a] 0000003E 0000CCC1
[37516.667288] [RF][RF_a] 0000003F 00090000
[37516.667293] [RF][RF_a] 00000033 0000000F
[37516.667297] [RF][RF_a] 0000003E 00006661
[37516.667302] [RF][RF_a] 0000003F 00088000
[37516.667306] [RF][RF_a] 00000033 00000010
[37516.667311] [RF][RF_a] 0000003E 00006661
[37516.667315] [RF][RF_a] 0000003F 00088000
[37516.667320] [RF][RF_a] 00000033 00000011
[37516.667324] [RF][RF_a] 0000003E 00006661
[37516.667329] [RF][RF_a] 0000003F 000DB999
[37516.667333] [RF][RF_a] 000000ED 00000000
[37516.667338] [RF][RF_a] 00000018 00001001
[37516.667343] [RF][RF_a] 00000002 0000000D
[37516.667347] [RF][RF_a] 000000EF 00004000
[37516.667352] [RF][RF_a] 00000033 00000007
[37516.667356] [RF][RF_a] 0000003F 00000700
[37516.667361] [RF][RF_a] 00000033 00000006
[37516.667365] [RF][RF_a] 0000003F 00000700
[37516.667370] [RF][RF_a] 00000033 00000005
[37516.667374] [RF][RF_a] 0000003F 00000500
[37516.667379] [RF][RF_a] 00000033 00000004
[37516.667383] [RF][RF_a] 0000003F 00000400
[37516.667388] [RF][RF_a] 00000033 00000003
[37516.667392] [RF][RF_a] 0000003F 00008B00
[37516.667397] [RF][RF_a] 00000033 00000002
[37516.667401] [RF][RF_a] 0000003F 00000B00
[37516.667406] [RF][RF_a] 00000033 00000001
[37516.667410] [RF][RF_a] 0000003F 00001A00
[37516.667415] [RF][RF_a] 00000033 00000000
[37516.667419] [RF][RF_a] 0000003F 00002900
[37516.667424] [RF][RF_a] 000000EF 00000000
[37516.667428] [RF][RF_a] 000000EF 00001000
[37516.667433] [RF][RF_a] 00000033 00000000
[37516.667438] [RF][RF_a] 0000003F 00000015
[37516.667442] [RF][RF_a] 00000033 00000001
[37516.667447] [RF][RF_a] 0000003F 00000017
[37516.667451] [RF][RF_a] 000000EF 00000000
[37516.667456] [RF][RF_a] 000000EF 00008000
[37516.667460] [RF][RF_a] 00000033 00000000
[37516.667465] [RF][RF_a] 0000003F 000FECFC
[37516.667469] [RF][RF_a] 00000033 00000001
[37516.667474] [RF][RF_a] 0000003F 000BECFC
[37516.667478] [RF][RF_a] 00000033 00000002
[37516.667483] [RF][RF_a] 0000003F 0003E4FC
[37516.667487] [RF][RF_a] 00000033 00000003
[37516.667492] [RF][RF_a] 0000003F 0001D0FC
[37516.667496] [RF][RF_a] 00000033 00000004
[37516.667501] [RF][RF_a] 0000003F 0001C3FC
[37516.667505] [RF][RF_a] 00000033 00000005
[37516.667510] [RF][RF_a] 0000003F 000103FC
[37516.667514] [RF][RF_a] 00000033 00000006
[37516.667519] [RF][RF_a] 0000003F 0000007C
[37516.667523] [RF][RF_a] 00000033 00000007
[37516.667528] [RF][RF_a] 0000003F 0000007C
[37516.667532] [RF][RF_a] 00000033 00000008
[37516.667537] [RF][RF_a] 0000003F 000FECFC
[37516.667541] [RF][RF_a] 00000033 00000009
[37516.667546] [RF][RF_a] 0000003F 000BECFC
[37516.667550] [RF][RF_a] 00000033 0000000A
[37516.667555] [RF][RF_a] 0000003F 0003E4FC
[37516.667559] [RF][RF_a] 00000033 0000000B
[37516.667564] [RF][RF_a] 0000003F 0001D0FC
[37516.667568] [RF][RF_a] 00000033 0000000C
[37516.667573] [RF][RF_a] 0000003F 0001C3FC
[37516.667577] [RF][RF_a] 00000033 0000000D
[37516.667582] [RF][RF_a] 0000003F 000103FC
[37516.667586] [RF][RF_a] 00000033 0000000E
[37516.667591] [RF][RF_a] 0000003F 0000007C
[37516.667595] [RF][RF_a] 00000033 0000000F
[37516.667600] [RF][RF_a] 0000003F 0000007C
[37516.667604] [RF][RF_a] 00000033 00000010
[37516.667609] [RF][RF_a] 0000003F 000FECFC
[37516.667614] [RF][RF_a] 00000033 00000011
[37516.667618] [RF][RF_a] 0000003F 000BECFC
[37516.667623] [RF][RF_a] 00000033 00000012
[37516.667627] [RF][RF_a] 0000003F 0003E4FC
[37516.667632] [RF][RF_a] 00000033 00000013
[37516.667636] [RF][RF_a] 0000003F 0001D0FC
[37516.667641] [RF][RF_a] 00000033 00000014
[37516.667645] [RF][RF_a] 0000003F 0001C3FC
[37516.667650] [RF][RF_a] 00000033 00000015
[37516.667654] [RF][RF_a] 0000003F 000103FC
[37516.667659] [RF][RF_a] 00000033 00000016
[37516.667663] [RF][RF_a] 0000003F 0000007C
[37516.667668] [RF][RF_a] 00000033 00000017
[37516.667672] [RF][RF_a] 0000003F 0000007C
[37516.667677] [RF][RF_a] 000000EF 00000000
[37516.667681] [RF][RF_a] 000000EF 00000100
[37516.667686] [RF][RF_a] 00000033 00000000
[37516.667690] [RF][RF_a] 0000003F 00003337
[37516.667695] [RF][RF_a] 00000033 00000001
[37516.667699] [RF][RF_a] 0000003F 00003337
[37516.667704] [RF][RF_a] 00000033 00000002
[37516.667708] [RF][RF_a] 0000003F 00003337
[37516.667713] [RF][RF_a] 00000033 00000003
[37516.667717] [RF][RF_a] 0000003F 00003337
[37516.667722] [RF][RF_a] 00000033 00000004
[37516.667726] [RF][RF_a] 0000003F 00003337
[37516.667731] [RF][RF_a] 00000033 00000005
[37516.667735] [RF][RF_a] 0000003F 00003337
[37516.667740] [RF][RF_a] 00000033 00000006
[37516.667745] [RF][RF_a] 0000003F 00003337
[37516.667749] [RF][RF_a] 00000033 00000007
[37516.667753] [RF][RF_a] 0000003F 00003337
[37516.667758] [RF][RF_a] 00000033 00000008
[37516.667762] [RF][RF_a] 0000003F 00003337
[37516.667767] [RF][RF_a] 00000033 00000009
[37516.667771] [RF][RF_a] 0000003F 00003337
[37516.667776] [RF][RF_a] 00000033 0000000A
[37516.667780] [RF][RF_a] 0000003F 00003337
[37516.667785] [RF][RF_a] 00000033 0000000B
[37516.667790] [RF][RF_a] 0000003F 00003337
[37516.667794] [RF][RF_a] 00000033 0000000C
[37516.667799] [RF][RF_a] 0000003F 00003337
[37516.667803] [RF][RF_a] 00000033 0000000D
[37516.667807] [RF][RF_a] 0000003F 00003337
[37516.667812] [RF][RF_a] 00000033 0000000E
[37516.667817] [RF][RF_a] 0000003F 00003337
[37516.667821] [RF][RF_a] 00000033 0000000F
[37516.667825] [RF][RF_a] 0000003F 00003337
[37516.667830] [RF][RF_a] 00000033 00000010
[37516.667835] [RF][RF_a] 0000003F 00003337
[37516.667839] [RF][RF_a] 00000033 00000011
[37516.667844] [RF][RF_a] 0000003F 00003337
[37516.667848] [RF][RF_a] 00000033 00000012
[37516.667853] [RF][RF_a] 0000003F 00003337
[37516.667857] [RF][RF_a] 00000033 00000013
[37516.667862] [RF][RF_a] 0000003F 00003337
[37516.667866] [RF][RF_a] 00000033 00000014
[37516.667871] [RF][RF_a] 0000003F 00003337
[37516.667875] [RF][RF_a] 00000033 00000015
[37516.667880] [RF][RF_a] 0000003F 00003337
[37516.667884] [RF][RF_a] 00000033 00000016
[37516.667889] [RF][RF_a] 0000003F 00003337
[37516.667893] [RF][RF_a] 00000033 00000017
[37516.667898] [RF][RF_a] 0000003F 00003337
[37516.667902] [RF][RF_a] 00000033 00000018
[37516.667907] [RF][RF_a] 0000003F 00003337
[37516.667911] [RF][RF_a] 00000033 00000019
[37516.667916] [RF][RF_a] 0000003F 00003337
[37516.667920] [RF][RF_a] 00000033 0000001A
[37516.667925] [RF][RF_a] 0000003F 00003337
[37516.667929] [RF][RF_a] 00000033 0000001B
[37516.667934] [RF][RF_a] 0000003F 00003337
[37516.667938] [RF][RF_a] 00000033 0000001C
[37516.667943] [RF][RF_a] 0000003F 00003337
[37516.667947] [RF][RF_a] 00000033 0000001D
[37516.667952] [RF][RF_a] 0000003F 00003337
[37516.667956] [RF][RF_a] 00000033 0000001E
[37516.667961] [RF][RF_a] 0000003F 00003337
[37516.667965] [RF][RF_a] 00000033 0000001F
[37516.667970] [RF][RF_a] 0000003F 00003337
[37516.667974] [RF][RF_a] 00000033 00000020
[37516.667979] [RF][RF_a] 0000003F 00003337
[37516.667983] [RF][RF_a] 00000033 00000021
[37516.667988] [RF][RF_a] 0000003F 00003337
[37516.667992] [RF][RF_a] 00000033 00000022
[37516.667997] [RF][RF_a] 0000003F 00003337
[37516.668001] [RF][RF_a] 00000033 00000023
[37516.668006] [RF][RF_a] 0000003F 00003337
[37516.668010] [RF][RF_a] 00000033 00000024
[37516.668015] [RF][RF_a] 0000003F 00003337
[37516.668019] [RF][RF_a] 00000033 00000025
[37516.668024] [RF][RF_a] 0000003F 00003337
[37516.668028] [RF][RF_a] 00000033 00000026
[37516.668033] [RF][RF_a] 0000003F 00003337
[37516.668037] [RF][RF_a] 00000033 00000027
[37516.668042] [RF][RF_a] 0000003F 00003337
[37516.668046] [RF][RF_a] 00000033 00000028
[37516.668051] [RF][RF_a] 0000003F 00003337
[37516.668055] [RF][RF_a] 00000033 00000029
[37516.668060] [RF][RF_a] 0000003F 00003337
[37516.668064] [RF][RF_a] 00000033 0000002A
[37516.668069] [RF][RF_a] 0000003F 00003337
[37516.668073] [RF][RF_a] 00000033 0000002B
[37516.668078] [RF][RF_a] 0000003F 00003337
[37516.668082] [RF][RF_a] 00000033 0000002C
[37516.668087] [RF][RF_a] 0000003F 00003337
[37516.668092] [RF][RF_a] 00000033 0000002D
[37516.668096] [RF][RF_a] 0000003F 00003337
[37516.668101] [RF][RF_a] 00000033 0000002E
[37516.668105] [RF][RF_a] 0000003F 00003337
[37516.668110] [RF][RF_a] 00000033 0000002F
[37516.668114] [RF][RF_a] 0000003F 00003337
[37516.668119] [RF][RF_a] 00000033 00000030
[37516.668123] [RF][RF_a] 0000003F 00003337
[37516.668128] [RF][RF_a] 000000EF 00000000
[37516.668132] [RF][RF_a] 000000EF 00000040
[37516.668137] [RF][RF_a] 00000033 00000001
[37516.668141] [RF][RF_a] 0000003F 000003BA
[37516.668146] [RF][RF_a] 00000033 00000002
[37516.668150] [RF][RF_a] 0000003F 000003BA
[37516.668155] [RF][RF_a] 00000033 00000003
[37516.668160] [RF][RF_a] 0000003F 000003BA
[37516.668164] [RF][RF_a] 00000033 00000004
[37516.668169] [RF][RF_a] 0000003F 000003BA
[37516.668173] [RF][RF_a] 00000033 00000005
[37516.668178] [RF][RF_a] 0000003F 000003BA
[37516.668182] [RF][RF_a] 00000033 00000006
[37516.668187] [RF][RF_a] 0000003F 000003BA
[37516.668191] [RF][RF_a] 00000033 00000007
[37516.668196] [RF][RF_a] 0000003F 000003BA
[37516.668200] [RF][RF_a] 00000033 00000008
[37516.668205] [RF][RF_a] 0000003F 000003BA
[37516.668209] [RF][RF_a] 00000033 00000009
[37516.668214] [RF][RF_a] 0000003F 000003BA
[37516.668218] [RF][RF_a] 00000033 0000000A
[37516.668223] [RF][RF_a] 0000003F 000003BA
[37516.668227] [RF][RF_a] 00000033 0000000B
[37516.668232] [RF][RF_a] 0000003F 000003BA
[37516.668236] [RF][RF_a] 000000EF 00000000
[37516.668241] [RF][RF_a] 000000EF 00000010
[37516.668245] [RF][RF_a] 00000033 00000001
[37516.668250] [RF][RF_a] 0000003F 00000DD0
[37516.668254] [RF][RF_a] 00000033 00000002
[37516.668259] [RF][RF_a] 0000003F 00000DD0
[37516.668263] [RF][RF_a] 00000033 00000003
[37516.668268] [RF][RF_a] 0000003F 00000880
[37516.668272] [RF][RF_a] 00000033 00000004
[37516.668277] [RF][RF_a] 0000003F 00000880
[37516.668281] [RF][RF_a] 00000033 00000005
[37516.668286] [RF][RF_a] 0000003F 00000440
[37516.668290] [RF][RF_a] 00000033 00000006
[37516.668295] [RF][RF_a] 0000003F 00000440
[37516.668299] [RF][RF_a] 00000033 00000007
[37516.668304] [RF][RF_a] 0000003F 00000DD0
[37516.668308] [RF][RF_a] 00000033 00000008
[37516.668313] [RF][RF_a] 0000003F 00000DD0
[37516.668317] [RF][RF_a] 00000033 00000009
[37516.668321] [RF][RF_a] 0000003F 00000880
[37516.668326] [RF][RF_a] 00000033 0000000A
[37516.668331] [RF][RF_a] 0000003F 00000880
[37516.668335] [RF][RF_a] 00000033 0000000B
[37516.668340] [RF][RF_a] 0000003F 00000440
[37516.668344] [RF][RF_a] 00000033 0000000C
[37516.668349] [RF][RF_a] 0000003F 00000440
[37516.668353] [RF][RF_a] 00000033 0000000D
[37516.668358] [RF][RF_a] 0000003F 00000000
[37516.668362] [RF][RF_a] 00000033 0000000E
[37516.668367] [RF][RF_a] 0000003F 00000000
[37516.668371] [RF][RF_a] 000000EF 00000000
[37516.668376] [RF][RF_a] 000000EF 00000080
[37516.668380] [RF][RF_a] 00000033 00000000
[37516.668385] [RF][RF_a] 0000003E 0000000A
[37516.668389] [RF][RF_a] 0000003F 0006A458
[37516.668394] [RF][RF_a] 00000033 00000001
[37516.668398] [RF][RF_a] 0000003E 0000000A
[37516.668403] [RF][RF_a] 0000003F 0006A458
[37516.668407] [RF][RF_a] 00000033 00000002
[37516.668412] [RF][RF_a] 0000003E 0000000A
[37516.668416] [RF][RF_a] 0000003F 0006A458
[37516.668421] [RF][RF_a] 00000033 00000003
[37516.668425] [RF][RF_a] 0000003E 0000000A
[37516.668430] [RF][RF_a] 0000003F 0006A458
[37516.668434] [RF][RF_a] 00000033 00000004
[37516.668439] [RF][RF_a] 0000003E 0000000A
[37516.668443] [RF][RF_a] 0000003F 0006A458
[37516.668448] [RF][RF_a] 00000033 00000005
[37516.668452] [RF][RF_a] 0000003E 0000000A
[37516.668457] [RF][RF_a] 0000003F 0006A458
[37516.668461] [RF][RF_a] 00000033 00000006
[37516.668466] [RF][RF_a] 0000003E 0000000A
[37516.668470] [RF][RF_a] 0000003F 0006A458
[37516.668475] [RF][RF_a] 00000033 00000007
[37516.668479] [RF][RF_a] 0000003E 0000000A
[37516.668484] [RF][RF_a] 0000003F 0006A458
[37516.668488] [RF][RF_a] 00000033 00000008
[37516.668493] [RF][RF_a] 0000003E 0000000A
[37516.668497] [RF][RF_a] 0000003F 0006A458
[37516.668502] [RF][RF_a] 00000033 00000009
[37516.668506] [RF][RF_a] 0000003E 0000000A
[37516.668511] [RF][RF_a] 0000003F 0006A458
[37516.668515] [RF][RF_a] 00000033 0000000A
[37516.668520] [RF][RF_a] 0000003E 0000000A
[37516.668524] [RF][RF_a] 0000003F 0006A458
[37516.668529] [RF][RF_a] 00000033 0000000B
[37516.668533] [RF][RF_a] 0000003E 0000000A
[37516.668538] [RF][RF_a] 0000003F 0006A458
[37516.668542] [RF][RF_a] 00000033 0000000C
[37516.668547] [RF][RF_a] 0000003E 0000000A
[37516.668551] [RF][RF_a] 0000003F 0006A458
[37516.668556] [RF][RF_a] 00000033 0000000D
[37516.668560] [RF][RF_a] 0000003E 0000000A
[37516.668565] [RF][RF_a] 0000003F 0006A458
[37516.668569] [RF][RF_a] 00000033 0000000E
[37516.668574] [RF][RF_a] 0000003E 0000000A
[37516.668578] [RF][RF_a] 0000003F 0006A458
[37516.668583] [RF][RF_a] 00000033 0000000F
[37516.668587] [RF][RF_a] 0000003E 0000000A
[37516.668592] [RF][RF_a] 0000003F 0006A458
[37516.668596] [RF][RF_a] 00000033 00000010
[37516.668601] [RF][RF_a] 0000003E 0000000A
[37516.668605] [RF][RF_a] 0000003F 0006A458
[37516.668610] [RF][RF_a] 00000033 00000011
[37516.668614] [RF][RF_a] 0000003E 0000000A
[37516.668619] [RF][RF_a] 0000003F 0006A458
[37516.668623] [RF][RF_a] 00000033 00000012
[37516.668628] [RF][RF_a] 0000003E 0000000A
[37516.668632] [RF][RF_a] 0000003F 0006A458
[37516.668637] [RF][RF_a] 00000033 00000013
[37516.668641] [RF][RF_a] 0000003E 0000000A
[37516.668646] [RF][RF_a] 0000003F 0006A458
[37516.668650] [RF][RF_a] 00000033 00000014
[37516.668655] [RF][RF_a] 0000003E 0000000A
[37516.668659] [RF][RF_a] 0000003F 0006A458
[37516.668664] [RF][RF_a] 00000033 00000015
[37516.668668] [RF][RF_a] 0000003E 0000000A
[37516.668673] [RF][RF_a] 0000003F 0006A458
[37516.668678] [RF][RF_a] 00000033 00000016
[37516.668682] [RF][RF_a] 0000003E 0000000A
[37516.668687] [RF][RF_a] 0000003F 0006A458
[37516.668691] [RF][RF_a] 00000033 00000017
[37516.668696] [RF][RF_a] 0000003E 0000000A
[37516.668700] [RF][RF_a] 0000003F 0006A458
[37516.668705] [RF][RF_a] 00000033 00000018
[37516.668709] [RF][RF_a] 0000003E 0000000A
[37516.668714] [RF][RF_a] 0000003F 0006A458
[37516.668718] [RF][RF_a] 00000033 00000019
[37516.668723] [RF][RF_a] 0000003E 0000000A
[37516.668727] [RF][RF_a] 0000003F 0006A458
[37516.668732] [RF][RF_a] 00000033 0000001A
[37516.668736] [RF][RF_a] 0000003E 0000000A
[37516.668741] [RF][RF_a] 0000003F 0006A458
[37516.668745] [RF][RF_a] 00000033 0000001B
[37516.668750] [RF][RF_a] 0000003E 0000000A
[37516.668754] [RF][RF_a] 0000003F 0006A458
[37516.668759] [RF][RF_a] 00000033 0000001C
[37516.668763] [RF][RF_a] 0000003E 0000000A
[37516.668768] [RF][RF_a] 0000003F 0006A458
[37516.668772] [RF][RF_a] 00000033 0000001D
[37516.668777] [RF][RF_a] 0000003E 0000000A
[37516.668781] [RF][RF_a] 0000003F 0006A458
[37516.668786] [RF][RF_a] 00000033 0000001E
[37516.668790] [RF][RF_a] 0000003E 0000000A
[37516.668795] [RF][RF_a] 0000003F 0006A458
[37516.668799] [RF][RF_a] 00000033 0000001F
[37516.668804] [RF][RF_a] 0000003E 0000000A
[37516.668808] [RF][RF_a] 0000003F 0006A458
[37516.668813] [RF][RF_a] 00000033 00000020
[37516.668817] [RF][RF_a] 0000003E 0000000A
[37516.668822] [RF][RF_a] 0000003F 0006A458
[37516.668826] [RF][RF_a] 00000033 00000021
[37516.668831] [RF][RF_a] 0000003E 0000000A
[37516.668835] [RF][RF_a] 0000003F 0006A458
[37516.668840] [RF][RF_a] 00000033 00000022
[37516.668844] [RF][RF_a] 0000003E 0000000A
[37516.668849] [RF][RF_a] 0000003F 0006A458
[37516.668853] [RF][RF_a] 00000033 00000023
[37516.668858] [RF][RF_a] 0000003E 0000000A
[37516.668862] [RF][RF_a] 0000003F 0006A458
[37516.668867] [RF][RF_a] 00000033 00000024
[37516.668871] [RF][RF_a] 0000003E 0000000A
[37516.668876] [RF][RF_a] 0000003F 0006A458
[37516.668880] [RF][RF_a] 00000033 00000025
[37516.668885] [RF][RF_a] 0000003E 0000000A
[37516.668890] [RF][RF_a] 0000003F 0006A458
[37516.668894] [RF][RF_a] 00000033 00000026
[37516.668899] [RF][RF_a] 0000003E 0000000A
[37516.668903] [RF][RF_a] 0000003F 0006A458
[37516.668908] [RF][RF_a] 00000033 00000027
[37516.668912] [RF][RF_a] 0000003E 0000000A
[37516.668917] [RF][RF_a] 0000003F 0006A458
[37516.668921] [RF][RF_a] 00000033 00000028
[37516.668926] [RF][RF_a] 0000003E 0000000A
[37516.668930] [RF][RF_a] 0000003F 0006A458
[37516.668935] [RF][RF_a] 00000033 00000029
[37516.668939] [RF][RF_a] 0000003E 0000000A
[37516.668944] [RF][RF_a] 0000003F 0006A458
[37516.668948] [RF][RF_a] 00000033 0000002A
[37516.668953] [RF][RF_a] 0000003E 0000000A
[37516.668957] [RF][RF_a] 0000003F 0006A458
[37516.668962] [RF][RF_a] 00000033 0000002B
[37516.668966] [RF][RF_a] 0000003E 0000000A
[37516.668971] [RF][RF_a] 0000003F 0006A458
[37516.668975] [RF][RF_a] 00000033 0000002C
[37516.668980] [RF][RF_a] 0000003E 0000000A
[37516.668984] [RF][RF_a] 0000003F 0006A458
[37516.668989] [RF][RF_a] 000000EF 00000000
[37516.668994] [RF][RF_a] 000000EE 00002000
[37516.668998] [RF][RF_a] 00000033 00000000
[37516.669003] [RF][RF_a] 0000003F 000001FC
[37516.669007] [RF][RF_a] 00000033 00000001
[37516.669012] [RF][RF_a] 0000003F 000001F9
[37516.669016] [RF][RF_a] 00000033 00000002
[37516.669021] [RF][RF_a] 0000003F 000001F6
[37516.669025] [RF][RF_a] 00000033 00000003
[37516.669030] [RF][RF_a] 0000003F 000001F3
[37516.669034] [RF][RF_a] 00000033 00000004
[37516.669039] [RF][RF_a] 0000003F 000001F0
[37516.669043] [RF][RF_a] 00000033 00000005
[37516.669048] [RF][RF_a] 0000003F 000001ED
[37516.669052] [RF][RF_a] 00000033 00000006
[37516.669057] [RF][RF_a] 0000003F 000001EA
[37516.669061] [RF][RF_a] 00000033 00000007
[37516.669066] [RF][RF_a] 0000003F 000001E7
[37516.669070] [RF][RF_a] 00000033 00000008
[37516.669075] [RF][RF_a] 0000003F 000001E4
[37516.669079] [RF][RF_a] 00000033 00000009
[37516.669084] [RF][RF_a] 0000003F 000001E1
[37516.669088] [RF][RF_a] 00000033 0000000A
[37516.669093] [RF][RF_a] 0000003F 0000006A
[37516.669097] [RF][RF_a] 00000033 0000000B
[37516.669102] [RF][RF_a] 0000003F 00000067
[37516.669106] [RF][RF_a] 00000033 0000000C
[37516.669111] [RF][RF_a] 0000003F 00000064
[37516.669115] [RF][RF_a] 00000033 0000000D
[37516.669120] [RF][RF_a] 0000003F 00000061
[37516.669124] [RF][RF_a] 00000033 0000000E
[37516.669129] [RF][RF_a] 0000003F 0000005E
[37516.669133] [RF][RF_a] 00000033 0000000F
[37516.669138] [RF][RF_a] 0000003F 0000005B
[37516.669142] [RF][RF_a] 00000033 00000010
[37516.669147] [RF][RF_a] 0000003F 00000058
[37516.669151] [RF][RF_a] 00000033 00000011
[37516.669156] [RF][RF_a] 0000003F 000001FC
[37516.669160] [RF][RF_a] 00000033 00000012
[37516.669165] [RF][RF_a] 0000003F 000001F9
[37516.669169] [RF][RF_a] 00000033 00000013
[37516.669174] [RF][RF_a] 0000003F 000001F6
[37516.669178] [RF][RF_a] 00000033 00000014
[37516.669183] [RF][RF_a] 0000003F 000001F3
[37516.669187] [RF][RF_a] 00000033 00000015
[37516.669192] [RF][RF_a] 0000003F 000001F0
[37516.669196] [RF][RF_a] 00000033 00000016
[37516.669201] [RF][RF_a] 0000003F 000001ED
[37516.669205] [RF][RF_a] 00000033 00000017
[37516.669210] [RF][RF_a] 0000003F 000001EA
[37516.669214] [RF][RF_a] 00000033 00000018
[37516.669219] [RF][RF_a] 0000003F 000001E7
[37516.669224] [RF][RF_a] 00000033 00000019
[37516.669228] [RF][RF_a] 0000003F 000001E4
[37516.669233] [RF][RF_a] 00000033 0000001A
[37516.669237] [RF][RF_a] 0000003F 000001E1
[37516.669242] [RF][RF_a] 00000033 0000001B
[37516.669246] [RF][RF_a] 0000003F 0000006C
[37516.669250] [RF][RF_a] 00000033 0000001C
[37516.669255] [RF][RF_a] 0000003F 00000069
[37516.669259] [RF][RF_a] 00000033 0000001D
[37516.669264] [RF][RF_a] 0000003F 00000066
[37516.669268] [RF][RF_a] 00000033 0000001E
[37516.669273] [RF][RF_a] 0000003F 00000063
[37516.669277] [RF][RF_a] 00000033 0000001F
[37516.669282] [RF][RF_a] 0000003F 00000060
[37516.669286] [RF][RF_a] 00000033 00000020
[37516.669291] [RF][RF_a] 0000003F 0000005D
[37516.669295] [RF][RF_a] 00000033 00000021
[37516.669300] [RF][RF_a] 0000003F 0000005A
[37516.669304] [RF][RF_a] 00000033 00000022
[37516.669309] [RF][RF_a] 0000003F 000001FC
[37516.669313] [RF][RF_a] 00000033 00000023
[37516.669318] [RF][RF_a] 0000003F 000001F9
[37516.669322] [RF][RF_a] 00000033 00000024
[37516.669327] [RF][RF_a] 0000003F 000001F6
[37516.669331] [RF][RF_a] 00000033 00000025
[37516.669336] [RF][RF_a] 0000003F 000001F3
[37516.669340] [RF][RF_a] 00000033 00000026
[37516.669345] [RF][RF_a] 0000003F 000001F0
[37516.669349] [RF][RF_a] 00000033 00000027
[37516.669354] [RF][RF_a] 0000003F 000001ED
[37516.669358] [RF][RF_a] 00000033 00000028
[37516.669363] [RF][RF_a] 0000003F 000001EA
[37516.669368] [RF][RF_a] 00000033 00000029
[37516.669372] [RF][RF_a] 0000003F 000001E7
[37516.669376] [RF][RF_a] 00000033 0000002A
[37516.669381] [RF][RF_a] 0000003F 000001E4
[37516.669385] [RF][RF_a] 00000033 0000002B
[37516.669390] [RF][RF_a] 0000003F 000001E1
[37516.669394] [RF][RF_a] 00000033 0000002C
[37516.669399] [RF][RF_a] 0000003F 0000006C
[37516.669403] [RF][RF_a] 00000033 0000002D
[37516.669408] [RF][RF_a] 0000003F 00000069
[37516.669413] [RF][RF_a] 00000033 0000002E
[37516.669417] [RF][RF_a] 0000003F 00000066
[37516.669422] [RF][RF_a] 00000033 0000002F
[37516.669426] [RF][RF_a] 0000003F 00000063
[37516.669431] [RF][RF_a] 00000033 00000030
[37516.669435] [RF][RF_a] 0000003F 00000060
[37516.669440] [RF][RF_a] 00000033 00000031
[37516.669444] [RF][RF_a] 0000003F 0000005D
[37516.669448] [RF][RF_a] 00000033 00000032
[37516.669453] [RF][RF_a] 0000003F 0000005A
[37516.669457] [RF][RF_a] 00000033 00000033
[37516.669462] [RF][RF_a] 0000003F 000001FC
[37516.669467] [RF][RF_a] 00000033 00000034
[37516.669471] [RF][RF_a] 0000003F 000001F9
[37516.669476] [RF][RF_a] 00000033 00000035
[37516.669480] [RF][RF_a] 0000003F 000001F6
[37516.669485] [RF][RF_a] 00000033 00000036
[37516.669489] [RF][RF_a] 0000003F 000001F3
[37516.669494] [RF][RF_a] 00000033 00000037
[37516.669498] [RF][RF_a] 0000003F 000001F0
[37516.669503] [RF][RF_a] 00000033 00000038
[37516.669507] [RF][RF_a] 0000003F 000001ED
[37516.669512] [RF][RF_a] 00000033 00000039
[37516.669516] [RF][RF_a] 0000003F 000001EA
[37516.669521] [RF][RF_a] 00000033 0000003A
[37516.669525] [RF][RF_a] 0000003F 000001E7
[37516.669530] [RF][RF_a] 00000033 0000003B
[37516.669534] [RF][RF_a] 0000003F 000001E4
[37516.669539] [RF][RF_a] 00000033 0000003C
[37516.669543] [RF][RF_a] 0000003F 000001E1
[37516.669548] [RF][RF_a] 00000033 0000003D
[37516.669552] [RF][RF_a] 0000003F 0000006C
[37516.669557] [RF][RF_a] 00000033 0000003E
[37516.669561] [RF][RF_a] 0000003F 00000069
[37516.669566] [RF][RF_a] 00000033 0000003F
[37516.669570] [RF][RF_a] 0000003F 00000066
[37516.669575] [RF][RF_a] 00000033 00000040
[37516.669579] [RF][RF_a] 0000003F 00000063
[37516.669584] [RF][RF_a] 00000033 00000041
[37516.669588] [RF][RF_a] 0000003F 00000060
[37516.669593] [RF][RF_a] 00000033 00000042
[37516.669597] [RF][RF_a] 0000003F 0000005D
[37516.669602] [RF][RF_a] 00000033 00000043
[37516.669606] [RF][RF_a] 0000003F 0000005A
[37516.669611] [RF][RF_a] 00000033 00000044
[37516.669615] [RF][RF_a] 0000003F 000001FC
[37516.669620] [RF][RF_a] 00000033 00000045
[37516.669624] [RF][RF_a] 0000003F 000001F9
[37516.669629] [RF][RF_a] 00000033 00000046
[37516.669633] [RF][RF_a] 0000003F 000001F6
[37516.669638] [RF][RF_a] 00000033 00000047
[37516.669642] [RF][RF_a] 0000003F 000001F3
[37516.669647] [RF][RF_a] 00000033 00000048
[37516.669651] [RF][RF_a] 0000003F 000001F0
[37516.669656] [RF][RF_a] 00000033 00000049
[37516.669660] [RF][RF_a] 0000003F 000001ED
[37516.669665] [RF][RF_a] 00000033 0000004A
[37516.669669] [RF][RF_a] 0000003F 000001EA
[37516.669674] [RF][RF_a] 00000033 0000004B
[37516.669678] [RF][RF_a] 0000003F 000001E7
[37516.669683] [RF][RF_a] 00000033 0000004C
[37516.669687] [RF][RF_a] 0000003F 000001E4
[37516.669692] [RF][RF_a] 00000033 0000004D
[37516.669696] [RF][RF_a] 0000003F 000001E1
[37516.669701] [RF][RF_a] 00000033 0000004E
[37516.669705] [RF][RF_a] 0000003F 0000006C
[37516.669710] [RF][RF_a] 00000033 0000004F
[37516.669714] [RF][RF_a] 0000003F 00000069
[37516.669719] [RF][RF_a] 00000033 00000050
[37516.669723] [RF][RF_a] 0000003F 00000066
[37516.669728] [RF][RF_a] 00000033 00000051
[37516.669732] [RF][RF_a] 0000003F 00000063
[37516.669737] [RF][RF_a] 00000033 00000052
[37516.669741] [RF][RF_a] 0000003F 00000060
[37516.669746] [RF][RF_a] 00000033 00000053
[37516.669750] [RF][RF_a] 0000003F 0000005D
[37516.669755] [RF][RF_a] 00000033 00000054
[37516.669759] [RF][RF_a] 0000003F 0000005A
[37516.669764] [RF][RF_a] 00000033 00000055
[37516.669768] [RF][RF_a] 0000003F 000001FC
[37516.669773] [RF][RF_a] 00000033 00000056
[37516.669777] [RF][RF_a] 0000003F 000001F9
[37516.669782] [RF][RF_a] 00000033 00000057
[37516.669786] [RF][RF_a] 0000003F 000001F6
[37516.669790] [RF][RF_a] 00000033 00000058
[37516.669795] [RF][RF_a] 0000003F 000001F3
[37516.669799] [RF][RF_a] 00000033 00000059
[37516.669804] [RF][RF_a] 0000003F 000001F0
[37516.669808] [RF][RF_a] 00000033 0000005A
[37516.669813] [RF][RF_a] 0000003F 000001ED
[37516.669817] [RF][RF_a] 00000033 0000005B
[37516.669822] [RF][RF_a] 0000003F 000001EA
[37516.669827] [RF][RF_a] 00000033 0000005C
[37516.669831] [RF][RF_a] 0000003F 000001E7
[37516.669836] [RF][RF_a] 00000033 0000005D
[37516.669840] [RF][RF_a] 0000003F 000001E4
[37516.669845] [RF][RF_a] 00000033 0000005E
[37516.669849] [RF][RF_a] 0000003F 000001E1
[37516.669854] [RF][RF_a] 00000033 0000005F
[37516.669858] [RF][RF_a] 0000003F 0000006C
[37516.669863] [RF][RF_a] 00000033 00000060
[37516.669867] [RF][RF_a] 0000003F 00000069
[37516.669872] [RF][RF_a] 00000033 00000061
[37516.669876] [RF][RF_a] 0000003F 00000066
[37516.669881] [RF][RF_a] 00000033 00000062
[37516.669885] [RF][RF_a] 0000003F 00000063
[37516.669889] [RF][RF_a] 00000033 00000063
[37516.669894] [RF][RF_a] 0000003F 00000060
[37516.669898] [RF][RF_a] 00000033 00000064
[37516.669903] [RF][RF_a] 0000003F 0000005D
[37516.669907] [RF][RF_a] 00000033 00000065
[37516.669912] [RF][RF_a] 0000003F 0000005A
[37516.669916] [RF][RF_a] 00000033 00000066
[37516.669921] [RF][RF_a] 0000003F 000001FC
[37516.669925] [RF][RF_a] 00000033 00000067
[37516.669930] [RF][RF_a] 0000003F 000001F9
[37516.669934] [RF][RF_a] 00000033 00000068
[37516.669939] [RF][RF_a] 0000003F 000001F6
[37516.669943] [RF][RF_a] 00000033 00000069
[37516.669948] [RF][RF_a] 0000003F 000001F3
[37516.669952] [RF][RF_a] 00000033 0000006A
[37516.669957] [RF][RF_a] 0000003F 000001F0
[37516.669961] [RF][RF_a] 00000033 0000006B
[37516.669966] [RF][RF_a] 0000003F 000001ED
[37516.669970] [RF][RF_a] 00000033 0000006C
[37516.669975] [RF][RF_a] 0000003F 000001EA
[37516.669979] [RF][RF_a] 00000033 0000006D
[37516.669984] [RF][RF_a] 0000003F 000001E7
[37516.669988] [RF][RF_a] 00000033 0000006E
[37516.669993] [RF][RF_a] 0000003F 000001E4
[37516.669997] [RF][RF_a] 00000033 0000006F
[37516.670002] [RF][RF_a] 0000003F 000001E1
[37516.670006] [RF][RF_a] 00000033 00000070
[37516.670011] [RF][RF_a] 0000003F 0000006C
[37516.670015] [RF][RF_a] 00000033 00000071
[37516.670020] [RF][RF_a] 0000003F 00000069
[37516.670024] [RF][RF_a] 00000033 00000072
[37516.670029] [RF][RF_a] 0000003F 00000066
[37516.670033] [RF][RF_a] 00000033 00000073
[37516.670038] [RF][RF_a] 0000003F 00000063
[37516.670042] [RF][RF_a] 00000033 00000074
[37516.670047] [RF][RF_a] 0000003F 00000060
[37516.670051] [RF][RF_a] 00000033 00000075
[37516.670056] [RF][RF_a] 0000003F 0000005D
[37516.670060] [RF][RF_a] 00000033 00000076
[37516.670065] [RF][RF_a] 0000003F 0000005A
[37516.670069] [RF][RF_a] 00000033 00000077
[37516.670074] [RF][RF_a] 0000003F 000001FC
[37516.670078] [RF][RF_a] 00000033 00000078
[37516.670083] [RF][RF_a] 0000003F 000001F9
[37516.670087] [RF][RF_a] 00000033 00000079
[37516.670092] [RF][RF_a] 0000003F 000001F6
[37516.670096] [RF][RF_a] 00000033 0000007A
[37516.670101] [RF][RF_a] 0000003F 000001F3
[37516.670105] [RF][RF_a] 00000033 0000007B
[37516.670110] [RF][RF_a] 0000003F 000001F0
[37516.670114] [RF][RF_a] 00000033 0000007C
[37516.670119] [RF][RF_a] 0000003F 000001ED
[37516.670123] [RF][RF_a] 00000033 0000007D
[37516.670128] [RF][RF_a] 0000003F 000001EA
[37516.670132] [RF][RF_a] 00000033 0000007E
[37516.670137] [RF][RF_a] 0000003F 000001E7
[37516.670141] [RF][RF_a] 00000033 0000007F
[37516.670146] [RF][RF_a] 0000003F 000001E4
[37516.670150] [RF][RF_a] 00000033 00000080
[37516.670155] [RF][RF_a] 0000003F 000001E1
[37516.670159] [RF][RF_a] 00000033 00000081
[37516.670164] [RF][RF_a] 0000003F 0000006C
[37516.670168] [RF][RF_a] 00000033 00000082
[37516.670173] [RF][RF_a] 0000003F 00000069
[37516.670177] [RF][RF_a] 00000033 00000083
[37516.670182] [RF][RF_a] 0000003F 00000066
[37516.670186] [RF][RF_a] 00000033 00000084
[37516.670191] [RF][RF_a] 0000003F 00000063
[37516.670195] [RF][RF_a] 00000033 00000085
[37516.670200] [RF][RF_a] 0000003F 00000060
[37516.670204] [RF][RF_a] 00000033 00000086
[37516.670209] [RF][RF_a] 0000003F 0000005D
[37516.670213] [RF][RF_a] 00000033 00000087
[37516.670218] [RF][RF_a] 0000003F 0000005A
[37516.670222] [RF][RF_a] 000000EE 00000000
[37516.670227] [RF][RF_a] 000000EE 00004000
[37516.670231] [RF][RF_a] 00000033 00000000
[37516.670236] [RF][RF_a] 0000003F 00003BEF
[37516.670240] [RF][RF_a] 00000033 00000001
[37516.670245] [RF][RF_a] 0000003F 00003BE9
[37516.670250] [RF][RF_a] 00000033 00000002
[37516.670254] [RF][RF_a] 0000003F 00003BE3
[37516.670259] [RF][RF_a] 00000033 00000003
[37516.670263] [RF][RF_a] 0000003F 00003BDD
[37516.670268] [RF][RF_a] 00000033 00000004
[37516.670272] [RF][RF_a] 0000003F 00003BD7
[37516.670277] [RF][RF_a] 00000033 00000005
[37516.670281] [RF][RF_a] 0000003F 00003BD1
[37516.670286] [RF][RF_a] 00000033 00000006
[37516.670290] [RF][RF_a] 0000003F 00001BD7
[37516.670295] [RF][RF_a] 00000033 00000007
[37516.670299] [RF][RF_a] 0000003F 00001BD1
[37516.670304] [RF][RF_a] 00000033 00000008
[37516.670308] [RF][RF_a] 0000003F 00000BD7
[37516.670313] [RF][RF_a] 00000033 00000009
[37516.670317] [RF][RF_a] 0000003F 00000BD1
[37516.670322] [RF][RF_a] 00000033 0000000A
[37516.670326] [RF][RF_a] 0000003F 000009D7
[37516.670331] [RF][RF_a] 00000033 0000000B
[37516.670335] [RF][RF_a] 0000003F 000009D1
[37516.670340] [RF][RF_a] 00000033 0000000C
[37516.670344] [RF][RF_a] 0000003F 000008D7
[37516.670349] [RF][RF_a] 00000033 0000000D
[37516.670353] [RF][RF_a] 0000003F 000008D1
[37516.670358] [RF][RF_a] 00000033 0000000E
[37516.670362] [RF][RF_a] 0000003F 00000857
[37516.670367] [RF][RF_a] 00000033 0000000F
[37516.670371] [RF][RF_a] 0000003F 00000851
[37516.670376] [RF][RF_a] 00000033 00000010
[37516.670380] [RF][RF_a] 0000003F 00000817
[37516.670385] [RF][RF_a] 00000033 00000011
[37516.670389] [RF][RF_a] 0000003F 00000811
[37516.670394] [RF][RF_a] 00000033 00000012
[37516.670398] [RF][RF_a] 0000003F 000039EF
[37516.670403] [RF][RF_a] 00000033 00000013
[37516.670407] [RF][RF_a] 0000003F 000039E9
[37516.670412] [RF][RF_a] 00000033 00000014
[37516.670416] [RF][RF_a] 0000003F 000039E3
[37516.670421] [RF][RF_a] 00000033 00000015
[37516.670425] [RF][RF_a] 0000003F 000039DD
[37516.670430] [RF][RF_a] 00000033 00000016
[37516.670434] [RF][RF_a] 0000003F 000039D7
[37516.670439] [RF][RF_a] 00000033 00000017
[37516.670443] [RF][RF_a] 0000003F 000039D1
[37516.670448] [RF][RF_a] 00000033 00000018
[37516.670452] [RF][RF_a] 0000003F 000039CB
[37516.670457] [RF][RF_a] 00000033 00000019
[37516.670461] [RF][RF_a] 0000003F 000019D1
[37516.670466] [RF][RF_a] 00000033 0000001A
[37516.670470] [RF][RF_a] 0000003F 000019CB
[37516.670475] [RF][RF_a] 00000033 0000001B
[37516.670480] [RF][RF_a] 0000003F 000009D1
[37516.670484] [RF][RF_a] 00000033 0000001C
[37516.670489] [RF][RF_a] 0000003F 000009CB
[37516.670493] [RF][RF_a] 00000033 0000001D
[37516.670498] [RF][RF_a] 0000003F 000008D1
[37516.670502] [RF][RF_a] 00000033 0000001E
[37516.670507] [RF][RF_a] 0000003F 000008CB
[37516.670511] [RF][RF_a] 00000033 0000001F
[37516.670516] [RF][RF_a] 0000003F 00000851
[37516.670520] [RF][RF_a] 00000033 00000020
[37516.670525] [RF][RF_a] 0000003F 0000084B
[37516.670529] [RF][RF_a] 00000033 00000021
[37516.670534] [RF][RF_a] 0000003F 00000811
[37516.670538] [RF][RF_a] 00000033 00000022
[37516.670543] [RF][RF_a] 0000003F 0000080B
[37516.670547] [RF][RF_a] 00000033 00000023
[37516.670552] [RF][RF_a] 0000003F 00000805
[37516.670556] [RF][RF_a] 00000033 00000024
[37516.670561] [RF][RF_a] 0000003F 000039EF
[37516.670565] [RF][RF_a] 00000033 00000025
[37516.670570] [RF][RF_a] 0000003F 000039E9
[37516.670575] [RF][RF_a] 00000033 00000026
[37516.670579] [RF][RF_a] 0000003F 000039E3
[37516.670584] [RF][RF_a] 00000033 00000027
[37516.670588] [RF][RF_a] 0000003F 000039DD
[37516.670593] [RF][RF_a] 00000033 00000028
[37516.670597] [RF][RF_a] 0000003F 000039D7
[37516.670602] [RF][RF_a] 00000033 00000029
[37516.670606] [RF][RF_a] 0000003F 000039D1
[37516.670611] [RF][RF_a] 00000033 0000002A
[37516.670615] [RF][RF_a] 0000003F 000039CB
[37516.670620] [RF][RF_a] 00000033 0000002B
[37516.670624] [RF][RF_a] 0000003F 000019D1
[37516.670629] [RF][RF_a] 00000033 0000002C
[37516.670633] [RF][RF_a] 0000003F 000019CB
[37516.670638] [RF][RF_a] 00000033 0000002D
[37516.670642] [RF][RF_a] 0000003F 000009D1
[37516.670647] [RF][RF_a] 00000033 0000002E
[37516.670651] [RF][RF_a] 0000003F 000009CB
[37516.670656] [RF][RF_a] 00000033 0000002F
[37516.670660] [RF][RF_a] 0000003F 000008D1
[37516.670714] [RF][RF_a] 00000033 00000030
[37516.670718] [RF][RF_a] 0000003F 000008CB
[37516.670723] [RF][RF_a] 00000033 00000031
[37516.670727] [RF][RF_a] 0000003F 00000851
[37516.670732] [RF][RF_a] 00000033 00000032
[37516.670736] [RF][RF_a] 0000003F 0000084B
[37516.670745] [RF][RF_a] 00000033 00000033
[37516.670754] [RF][RF_a] 0000003F 00000811
[37516.670764] [RF][RF_a] 00000033 00000034
[37516.670775] [RF][RF_a] 0000003F 0000080B
[37516.670786] [RF][RF_a] 00000033 00000035
[37516.670802] [RF][RF_a] 0000003F 00000805
[37516.670813] [RF][RF_a] 00000033 00000036
[37516.670824] [RF][RF_a] 0000003F 000039EF
[37516.670835] [RF][RF_a] 00000033 00000037
[37516.670846] [RF][RF_a] 0000003F 000039E9
[37516.670857] [RF][RF_a] 00000033 00000038
[37516.670868] [RF][RF_a] 0000003F 000039E3
[37516.670879] [RF][RF_a] 00000033 00000039
[37516.670891] [RF][RF_a] 0000003F 000039DD
[37516.670901] [RF][RF_a] 00000033 0000003A
[37516.670912] [RF][RF_a] 0000003F 000039D7
[37516.670923] [RF][RF_a] 00000033 0000003B
[37516.670933] [RF][RF_a] 0000003F 000039D1
[37516.670945] [RF][RF_a] 00000033 0000003C
[37516.670956] [RF][RF_a] 0000003F 000039CB
[37516.670968] [RF][RF_a] 00000033 0000003D
[37516.670979] [RF][RF_a] 0000003F 000019D1
[37516.670990] [RF][RF_a] 00000033 0000003E
[37516.671001] [RF][RF_a] 0000003F 000019CB
[37516.671012] [RF][RF_a] 00000033 0000003F
[37516.671022] [RF][RF_a] 0000003F 000009D1
[37516.671032] [RF][RF_a] 00000033 00000040
[37516.671043] [RF][RF_a] 0000003F 000009CB
[37516.671055] [RF][RF_a] 00000033 00000041
[37516.671067] [RF][RF_a] 0000003F 000008D1
[37516.671078] [RF][RF_a] 00000033 00000042
[37516.671093] [RF][RF_a] 0000003F 000008CB
[37516.671105] [RF][RF_a] 00000033 00000043
[37516.671117] [RF][RF_a] 0000003F 00000851
[37516.671128] [RF][RF_a] 00000033 00000044
[37516.671138] [RF][RF_a] 0000003F 0000084B
[37516.671149] [RF][RF_a] 00000033 00000045
[37516.671159] [RF][RF_a] 0000003F 00000811
[37516.671171] [RF][RF_a] 00000033 00000046
[37516.671183] [RF][RF_a] 0000003F 0000080B
[37516.671196] [RF][RF_a] 00000033 00000047
[37516.671207] [RF][RF_a] 0000003F 00000805
[37516.671219] [RF][RF_a] 00000033 00000048
[37516.671231] [RF][RF_a] 0000003F 000039EF
[37516.671241] [RF][RF_a] 00000033 00000049
[37516.671251] [RF][RF_a] 0000003F 000039E9
[37516.671256] [RF][RF_a] 00000033 0000004A
[37516.671262] [RF][RF_a] 0000003F 000039E3
[37516.671267] [RF][RF_a] 00000033 0000004B
[37516.671272] [RF][RF_a] 0000003F 000039DD
[37516.671276] [RF][RF_a] 00000033 0000004C
[37516.671281] [RF][RF_a] 0000003F 000039D7
[37516.671285] [RF][RF_a] 00000033 0000004D
[37516.671290] [RF][RF_a] 0000003F 000039D1
[37516.671294] [RF][RF_a] 00000033 0000004E
[37516.671299] [RF][RF_a] 0000003F 000039CB
[37516.671303] [RF][RF_a] 00000033 0000004F
[37516.671308] [RF][RF_a] 0000003F 000019D1
[37516.671313] [RF][RF_a] 00000033 00000050
[37516.671319] [RF][RF_a] 0000003F 000019CB
[37516.671334] [RF][RF_a] 00000033 00000051
[37516.671345] [RF][RF_a] 0000003F 000009D1
[37516.671351] [RF][RF_a] 00000033 00000052
[37516.671357] [RF][RF_a] 0000003F 000009CB
[37516.671363] [RF][RF_a] 00000033 00000053
[37516.671370] [RF][RF_a] 0000003F 000008D1
[37516.671377] [RF][RF_a] 00000033 00000054
[37516.671383] [RF][RF_a] 0000003F 000008CB
[37516.671389] [RF][RF_a] 00000033 00000055
[37516.671395] [RF][RF_a] 0000003F 00000851
[37516.671401] [RF][RF_a] 00000033 00000056
[37516.671408] [RF][RF_a] 0000003F 0000084B
[37516.671414] [RF][RF_a] 00000033 00000057
[37516.671421] [RF][RF_a] 0000003F 00000811
[37516.671427] [RF][RF_a] 00000033 00000058
[37516.671434] [RF][RF_a] 0000003F 0000080B
[37516.671440] [RF][RF_a] 00000033 00000059
[37516.671447] [RF][RF_a] 0000003F 00000805
[37516.671453] [RF][RF_a] 00000033 0000005A
[37516.671460] [RF][RF_a] 0000003F 000039EF
[37516.671468] [RF][RF_a] 00000033 0000005B
[37516.671475] [RF][RF_a] 0000003F 000039E9
[37516.671481] [RF][RF_a] 00000033 0000005C
[37516.671488] [RF][RF_a] 0000003F 000039E3
[37516.671494] [RF][RF_a] 00000033 0000005D
[37516.671500] [RF][RF_a] 0000003F 000039DD
[37516.671506] [RF][RF_a] 00000033 0000005E
[37516.671512] [RF][RF_a] 0000003F 000039D7
[37516.671519] [RF][RF_a] 00000033 0000005F
[37516.671525] [RF][RF_a] 0000003F 000039D1
[37516.671531] [RF][RF_a] 00000033 00000060
[37516.671537] [RF][RF_a] 0000003F 000039CB
[37516.671543] [RF][RF_a] 00000033 00000061
[37516.671550] [RF][RF_a] 0000003F 000019D1
[37516.671557] [RF][RF_a] 00000033 00000062
[37516.671564] [RF][RF_a] 0000003F 000019CB
[37516.671571] [RF][RF_a] 00000033 00000063
[37516.671579] [RF][RF_a] 0000003F 000009D1
[37516.671586] [RF][RF_a] 00000033 00000064
[37516.671593] [RF][RF_a] 0000003F 000009CB
[37516.671600] [RF][RF_a] 00000033 00000065
[37516.671607] [RF][RF_a] 0000003F 000008D1
[37516.671616] [RF][RF_a] 00000033 00000066
[37516.671623] [RF][RF_a] 0000003F 000008CB
[37516.671629] [RF][RF_a] 00000033 00000067
[37516.671636] [RF][RF_a] 0000003F 00000851
[37516.671643] [RF][RF_a] 00000033 00000068
[37516.671649] [RF][RF_a] 0000003F 0000084B
[37516.671656] [RF][RF_a] 00000033 00000069
[37516.671662] [RF][RF_a] 0000003F 00000811
[37516.671668] [RF][RF_a] 00000033 0000006A
[37516.671675] [RF][RF_a] 0000003F 0000080B
[37516.671682] [RF][RF_a] 00000033 0000006B
[37516.671689] [RF][RF_a] 0000003F 00000805
[37516.671695] [RF][RF_a] 00000033 0000006C
[37516.671702] [RF][RF_a] 0000003F 000039EF
[37516.671708] [RF][RF_a] 00000033 0000006D
[37516.671715] [RF][RF_a] 0000003F 000039E9
[37516.671722] [RF][RF_a] 00000033 0000006E
[37516.671729] [RF][RF_a] 0000003F 000039E3
[37516.671736] [RF][RF_a] 00000033 0000006F
[37516.671743] [RF][RF_a] 0000003F 000039DD
[37516.671750] [RF][RF_a] 00000033 00000070
[37516.671757] [RF][RF_a] 0000003F 000039D7
[37516.671764] [RF][RF_a] 00000033 00000071
[37516.671771] [RF][RF_a] 0000003F 000039D1
[37516.671782] [RF][RF_a] 00000033 00000072
[37516.671788] [RF][RF_a] 0000003F 000039CB
[37516.671795] [RF][RF_a] 00000033 00000073
[37516.671802] [RF][RF_a] 0000003F 000019D1
[37516.671809] [RF][RF_a] 00000033 00000074
[37516.671817] [RF][RF_a] 0000003F 000019CB
[37516.671823] [RF][RF_a] 00000033 00000075
[37516.671830] [RF][RF_a] 0000003F 000009D1
[37516.671837] [RF][RF_a] 00000033 00000076
[37516.671843] [RF][RF_a] 0000003F 000009CB
[37516.671849] [RF][RF_a] 00000033 00000077
[37516.671856] [RF][RF_a] 0000003F 000008D1
[37516.671863] [RF][RF_a] 00000033 00000078
[37516.671870] [RF][RF_a] 0000003F 000008CB
[37516.671878] [RF][RF_a] 00000033 00000079
[37516.671885] [RF][RF_a] 0000003F 00000851
[37516.671892] [RF][RF_a] 00000033 0000007A
[37516.671898] [RF][RF_a] 0000003F 0000084B
[37516.671905] [RF][RF_a] 00000033 0000007B
[37516.671912] [RF][RF_a] 0000003F 00000811
[37516.671920] [RF][RF_a] 00000033 0000007C
[37516.671927] [RF][RF_a] 0000003F 0000080B
[37516.671933] [RF][RF_a] 00000033 0000007D
[37516.671941] [RF][RF_a] 0000003F 00000805
[37516.671948] [RF][RF_a] 00000033 0000007E
[37516.671957] [RF][RF_a] 0000003F 000039EF
[37516.671964] [RF][RF_a] 00000033 0000007F
[37516.671970] [RF][RF_a] 0000003F 000039E9
[37516.671977] [RF][RF_a] 00000033 00000080
[37516.671984] [RF][RF_a] 0000003F 000039E3
[37516.671991] [RF][RF_a] 00000033 00000081
[37516.671997] [RF][RF_a] 0000003F 000039DD
[37516.672005] [RF][RF_a] 00000033 00000082
[37516.672011] [RF][RF_a] 0000003F 000039D7
[37516.672018] [RF][RF_a] 00000033 00000083
[37516.672026] [RF][RF_a] 0000003F 000039D1
[37516.672032] [RF][RF_a] 00000033 00000084
[37516.672040] [RF][RF_a] 0000003F 000039CB
[37516.672047] [RF][RF_a] 00000033 00000085
[37516.672053] [RF][RF_a] 0000003F 000019D1
[37516.672060] [RF][RF_a] 00000033 00000086
[37516.672066] [RF][RF_a] 0000003F 000019CB
[37516.672072] [RF][RF_a] 00000033 00000087
[37516.672080] [RF][RF_a] 0000003F 000009D1
[37516.672087] [RF][RF_a] 00000033 00000088
[37516.672094] [RF][RF_a] 0000003F 000009CB
[37516.672101] [RF][RF_a] 00000033 00000089
[37516.672108] [RF][RF_a] 0000003F 000008D1
[37516.672116] [RF][RF_a] 00000033 0000008A
[37516.672124] [RF][RF_a] 0000003F 000008CB
[37516.672132] [RF][RF_a] 00000033 0000008B
[37516.672138] [RF][RF_a] 0000003F 00000851
[37516.672145] [RF][RF_a] 00000033 0000008C
[37516.672151] [RF][RF_a] 0000003F 0000084B
[37516.672158] [RF][RF_a] 00000033 0000008D
[37516.672165] [RF][RF_a] 0000003F 00000811
[37516.672173] [RF][RF_a] 00000033 0000008E
[37516.672180] [RF][RF_a] 0000003F 0000080B
[37516.672187] [RF][RF_a] 00000033 0000008F
[37516.672194] [RF][RF_a] 0000003F 00000805
[37516.672201] [RF][RF_a] 000000EE 00000000
[37516.672208] [RF][RF_a] 000000EF 00080000
[37516.672215] [RF][RF_a] 00000033 00000007
[37516.672221] [RF][RF_a] 0000003E 00000001
[37516.672227] [RF][RF_a] 0000003F 00020F3C
[37516.672233] [RF][RF_a] 000000EF 00000000
[37516.672241] [RF][RF_a] 000000EF 00080000
[37516.672248] [RF][RF_a] 00000033 0000000C
[37516.672255] [RF][RF_a] 0000003E 00000001
[37516.672261] [RF][RF_a] 0000003F 000205BC
[37516.672268] [RF][RF_a] 000000EF 00000000
